[2025-07-27 19:09:57] INFO | CLIENT | APP_STARTED | Aplicación cliente iniciada | CLIENT | ID:53301794
[2025-07-27 19:09:57] INFO | CLIENT | CONNECTION_SUCCESS | Conexión establecida exitosamente | CLIENT | ID:28962280
[2025-07-27 19:09:57] INFO | CLIENT | HANDLER_CREATED | ClientRequestHandler inicializado | CLIENT | ID:06189895
[2025-07-27 19:09:57] INFO | CLIENT | HANDLERS_CREATED | RequestManager y ClientRequestHandler creados | CLIENT | ID:56232356
[2025-07-27 19:09:57] DEBUG | CLIENT | COMMAND_RECEIVED | Comando recibido: MENU | CLIENT | ID:56187848
[2025-07-27 19:09:57] INFO | CLIENT | MENU_RECEIVED | Menú recibido: Menu Principal con 4 opciones | CLIENT | ID:17185525
[2025-07-27 19:09:57] DEBUG | CLIENT | COMMAND_RECEIVED | Comando recibido: OPTION | CLIENT | ID:10499347
[2025-07-27 19:10:17] INFO | CLIENT | OPTION_SENT | Opción enviada: 4 | CLIENT | ID:98794677
[2025-07-27 19:10:17] DEBUG | CLIENT | COMMAND_RECEIVED | Comando recibido: EXIT | CLIENT | ID:73093568
[2025-07-27 19:10:17] INFO | CLIENT | EXIT_RECEIVED | Servidor cerró la conexión | CLIENT | ID:74373611
[2025-07-27 19:10:17] INFO | CLIENT | EXIT_REQUESTED | Servidor solicitó desconexión | CLIENT | ID:20192325
[2025-07-27 19:10:17] INFO | CLIENT | HANDLER_CLOSING | Cerrando ClientRequestHandler | CLIENT | ID:78868613
[2025-07-27 19:10:17] DEBUG | CLIENT | CONSOLE_CLOSED | Console cerrada | CLIENT | ID:94566656
[2025-07-27 19:10:17] DEBUG | CLIENT | REQUEST_MANAGER_CLOSED | RequestManager cerrado | CLIENT | ID:80835027
[2025-07-27 19:10:17] INFO | CLIENT | RESOURCES_CLOSED | Recursos cerrados correctamente | CLIENT | ID:33711563
[2025-07-27 19:13:52] INFO | CLIENT | APP_STARTED | Aplicación cliente iniciada | CLIENT | ID:02746663
[2025-07-27 19:13:53] INFO | CLIENT | CONNECTION_SUCCESS | Conexión establecida exitosamente | CLIENT | ID:79839299
[2025-07-27 19:13:53] INFO | CLIENT | HANDLER_CREATED | ClientRequestHandler inicializado | CLIENT | ID:96778672
[2025-07-27 19:13:53] INFO | CLIENT | HANDLERS_CREATED | RequestManager y ClientRequestHandler creados | CLIENT | ID:28023453
[2025-07-27 19:13:53] DEBUG | CLIENT | COMMAND_RECEIVED | Comando recibido: MENU | CLIENT | ID:51111590
[2025-07-27 19:13:53] INFO | CLIENT | MENU_RECEIVED | Menú recibido: Menu Principal con 4 opciones | CLIENT | ID:57096617
[2025-07-27 19:13:53] DEBUG | CLIENT | COMMAND_RECEIVED | Comando recibido: OPTION | CLIENT | ID:47033036
[2025-07-27 19:13:54] INFO | CLIENT | OPTION_SENT | Opción enviada: 1 | CLIENT | ID:86095954
[2025-07-27 19:13:54] DEBUG | CLIENT | COMMAND_RECEIVED | Comando recibido: MENU | CLIENT | ID:30685424
[2025-07-27 19:13:54] INFO | CLIENT | MENU_RECEIVED | Menú recibido: Archivos Disponibles con 7 opciones | CLIENT | ID:36330470
[2025-07-27 19:13:54] DEBUG | CLIENT | COMMAND_RECEIVED | Comando recibido: PAUSE | CLIENT | ID:59552905
[2025-07-27 19:13:54] INFO | CLIENT | PAUSE_RECEIVED | Pausa solicitada: continuar | CLIENT | ID:16093326
[2025-07-27 19:13:58] DEBUG | CLIENT | COMMAND_RECEIVED | Comando recibido: MENU | CLIENT | ID:33270239
[2025-07-27 19:13:58] INFO | CLIENT | MENU_RECEIVED | Menú recibido: Menu Principal con 4 opciones | CLIENT | ID:99036716
[2025-07-27 19:13:58] DEBUG | CLIENT | COMMAND_RECEIVED | Comando recibido: OPTION | CLIENT | ID:52055420
[2025-07-27 19:14:00] INFO | CLIENT | OPTION_SENT | Opción enviada: 2 | CLIENT | ID:30572761
[2025-07-27 19:14:00] DEBUG | CLIENT | COMMAND_RECEIVED | Comando recibido: MENU | CLIENT | ID:92661219
[2025-07-27 19:14:00] INFO | CLIENT | MENU_RECEIVED | Menú recibido: Archivos Disponibles para Descargar con 7 opciones | CLIENT | ID:30884275
[2025-07-27 19:14:00] DEBUG | CLIENT | COMMAND_RECEIVED | Comando recibido: OPTION | CLIENT | ID:18426630
[2025-07-27 19:14:20] INFO | CLIENT | OPTION_SENT | Opción enviada: 7 | CLIENT | ID:87372497
[2025-07-27 19:14:20] DEBUG | CLIENT | COMMAND_RECEIVED | Comando recibido: PAUSE | CLIENT | ID:02211089
[2025-07-27 19:14:20] INFO | CLIENT | PAUSE_RECEIVED | Pausa solicitada: continuar | CLIENT | ID:37108991
[2025-07-27 19:15:10] DEBUG | CLIENT | COMMAND_RECEIVED | Comando recibido: MENU | CLIENT | ID:66717366
[2025-07-27 19:15:10] INFO | CLIENT | MENU_RECEIVED | Menú recibido: Menu Principal con 4 opciones | CLIENT | ID:64768808
[2025-07-27 19:15:10] DEBUG | CLIENT | COMMAND_RECEIVED | Comando recibido: OPTION | CLIENT | ID:19622766
[2025-07-27 19:15:12] INFO | CLIENT | OPTION_SENT | Opción enviada: 2 | CLIENT | ID:38430492
[2025-07-27 19:15:12] DEBUG | CLIENT | COMMAND_RECEIVED | Comando recibido: MENU | CLIENT | ID:89508666
[2025-07-27 19:15:12] INFO | CLIENT | MENU_RECEIVED | Menú recibido: Archivos Disponibles para Descargar con 7 opciones | CLIENT | ID:80593749
[2025-07-27 19:15:12] DEBUG | CLIENT | COMMAND_RECEIVED | Comando recibido: OPTION | CLIENT | ID:91349834
[2025-07-27 19:15:36] INFO | CLIENT | OPTION_SENT | Opción enviada: 6 | CLIENT | ID:96965414
[2025-07-27 19:15:36] DEBUG | CLIENT | COMMAND_RECEIVED | Comando recibido: DOWNLOAD_FILE | CLIENT | ID:25230225
[2025-07-27 19:15:36] INFO | CLIENT | DOWNLOAD_STARTED | Descargando NuevoArchico.txt (0 bytes) | CLIENT | ID:91653337
[2025-07-27 19:15:36] INFO | CLIENT | DOWNLOAD_COMPLETED | Archivo NuevoArchico.txt descargado exitosamente | CLIENT | ID:58121189
[2025-07-27 19:15:36] DEBUG | CLIENT | COMMAND_RECEIVED | Comando recibido: MESSAGE | CLIENT | ID:42442748
[2025-07-27 19:15:36] INFO | CLIENT | MESSAGE_RECEIVED | Mensaje del servidor: Descarga Completada. | CLIENT | ID:66364122
[2025-07-27 19:15:36] DEBUG | CLIENT | COMMAND_RECEIVED | Comando recibido: PAUSE | CLIENT | ID:88186953
[2025-07-27 19:15:36] INFO | CLIENT | PAUSE_RECEIVED | Pausa solicitada: continuar | CLIENT | ID:93262631
[2025-07-27 19:15:57] DEBUG | CLIENT | COMMAND_RECEIVED | Comando recibido: MENU | CLIENT | ID:93536821
[2025-07-27 19:15:57] INFO | CLIENT | MENU_RECEIVED | Menú recibido: Menu Principal con 4 opciones | CLIENT | ID:92612722
[2025-07-27 19:15:57] DEBUG | CLIENT | COMMAND_RECEIVED | Comando recibido: OPTION | CLIENT | ID:62373993
[2025-07-27 19:16:00] INFO | CLIENT | OPTION_SENT | Opción enviada: 2 | CLIENT | ID:76254588
[2025-07-27 19:16:00] DEBUG | CLIENT | COMMAND_RECEIVED | Comando recibido: MENU | CLIENT | ID:24165356
[2025-07-27 19:16:00] INFO | CLIENT | MENU_RECEIVED | Menú recibido: Archivos Disponibles para Descargar con 7 opciones | CLIENT | ID:19221701
[2025-07-27 19:16:00] DEBUG | CLIENT | COMMAND_RECEIVED | Comando recibido: OPTION | CLIENT | ID:60511554
[2025-07-27 19:16:02] INFO | CLIENT | OPTION_SENT | Opción enviada: 10000 | CLIENT | ID:67064725
[2025-07-27 19:16:02] DEBUG | CLIENT | COMMAND_RECEIVED | Comando recibido: MESSAGE | CLIENT | ID:00652468
[2025-07-27 19:16:02] INFO | CLIENT | MESSAGE_RECEIVED | Mensaje del servidor: Selección de archivo inválida | CLIENT | ID:32625565
[2025-07-27 19:16:02] DEBUG | CLIENT | COMMAND_RECEIVED | Comando recibido: MENU | CLIENT | ID:27743048
[2025-07-27 19:16:02] INFO | CLIENT | MENU_RECEIVED | Menú recibido: Archivos Disponibles para Descargar con 7 opciones | CLIENT | ID:42201228
[2025-07-27 19:16:02] DEBUG | CLIENT | COMMAND_RECEIVED | Comando recibido: OPTION | CLIENT | ID:90564985
[2025-07-27 19:16:07] INFO | CLIENT | OPTION_SENT | Opción enviada: 20000 | CLIENT | ID:13442604
[2025-07-27 19:16:07] DEBUG | CLIENT | COMMAND_RECEIVED | Comando recibido: MESSAGE | CLIENT | ID:40265640
[2025-07-27 19:16:07] INFO | CLIENT | MESSAGE_RECEIVED | Mensaje del servidor: Selección de archivo inválida | CLIENT | ID:96169296
[2025-07-27 19:16:07] DEBUG | CLIENT | COMMAND_RECEIVED | Comando recibido: MENU | CLIENT | ID:59260770
[2025-07-27 19:16:07] INFO | CLIENT | MENU_RECEIVED | Menú recibido: Archivos Disponibles para Descargar con 7 opciones | CLIENT | ID:45507365
[2025-07-27 19:16:07] DEBUG | CLIENT | COMMAND_RECEIVED | Comando recibido: OPTION | CLIENT | ID:57193396
[2025-07-27 19:16:11] INFO | CLIENT | OPTION_SENT | Opción enviada: -100 | CLIENT | ID:07735374
[2025-07-27 19:16:11] DEBUG | CLIENT | COMMAND_RECEIVED | Comando recibido: MESSAGE | CLIENT | ID:12765297
[2025-07-27 19:16:11] INFO | CLIENT | MESSAGE_RECEIVED | Mensaje del servidor: Selección de archivo inválida | CLIENT | ID:70792500
[2025-07-27 19:16:11] DEBUG | CLIENT | COMMAND_RECEIVED | Comando recibido: MENU | CLIENT | ID:20363814
[2025-07-27 19:16:11] INFO | CLIENT | MENU_RECEIVED | Menú recibido: Archivos Disponibles para Descargar con 7 opciones | CLIENT | ID:85130511
[2025-07-27 19:16:11] DEBUG | CLIENT | COMMAND_RECEIVED | Comando recibido: OPTION | CLIENT | ID:27620106
[2025-07-27 19:16:18] INFO | CLIENT | OPTION_SENT | Opción enviada: 1111 | CLIENT | ID:43872190
[2025-07-27 19:16:18] DEBUG | CLIENT | COMMAND_RECEIVED | Comando recibido: MESSAGE | CLIENT | ID:87673031
[2025-07-27 19:16:18] INFO | CLIENT | MESSAGE_RECEIVED | Mensaje del servidor: Selección de archivo inválida | CLIENT | ID:97903091
[2025-07-27 19:16:18] DEBUG | CLIENT | COMMAND_RECEIVED | Comando recibido: MENU | CLIENT | ID:11950997
[2025-07-27 19:16:18] INFO | CLIENT | MENU_RECEIVED | Menú recibido: Archivos Disponibles para Descargar con 7 opciones | CLIENT | ID:10461754
[2025-07-27 19:16:18] DEBUG | CLIENT | COMMAND_RECEIVED | Comando recibido: OPTION | CLIENT | ID:48697684
[2025-07-27 19:16:21] INFO | CLIENT | OPTION_SENT | Opción enviada: 8 | CLIENT | ID:05752707
[2025-07-27 19:16:21] DEBUG | CLIENT | COMMAND_RECEIVED | Comando recibido: MESSAGE | CLIENT | ID:31952552
[2025-07-27 19:16:21] INFO | CLIENT | MESSAGE_RECEIVED | Mensaje del servidor: Selección de archivo inválida | CLIENT | ID:05187573
[2025-07-27 19:16:21] DEBUG | CLIENT | COMMAND_RECEIVED | Comando recibido: MENU | CLIENT | ID:34436529
[2025-07-27 19:16:21] INFO | CLIENT | MENU_RECEIVED | Menú recibido: Archivos Disponibles para Descargar con 7 opciones | CLIENT | ID:24628087
[2025-07-27 19:16:21] DEBUG | CLIENT | COMMAND_RECEIVED | Comando recibido: OPTION | CLIENT | ID:33426725
[2025-07-27 19:16:23] INFO | CLIENT | OPTION_SENT | Opción enviada: 7 | CLIENT | ID:54080378
[2025-07-27 19:16:23] DEBUG | CLIENT | COMMAND_RECEIVED | Comando recibido: PAUSE | CLIENT | ID:87975497
[2025-07-27 19:16:23] INFO | CLIENT | PAUSE_RECEIVED | Pausa solicitada: continuar | CLIENT | ID:01477731
[2025-07-27 19:16:58] DEBUG | CLIENT | COMMAND_RECEIVED | Comando recibido: MENU | CLIENT | ID:80611487
[2025-07-27 19:16:58] INFO | CLIENT | MENU_RECEIVED | Menú recibido: Menu Principal con 4 opciones | CLIENT | ID:18374820
[2025-07-27 19:16:58] DEBUG | CLIENT | COMMAND_RECEIVED | Comando recibido: OPTION | CLIENT | ID:26704521
[2025-07-27 19:17:05] INFO | CLIENT | OPTION_SENT | Opción enviada: 9 | CLIENT | ID:81848058
[2025-07-27 19:17:05] DEBUG | CLIENT | COMMAND_RECEIVED | Comando recibido: MESSAGE | CLIENT | ID:54255299
[2025-07-27 19:17:05] INFO | CLIENT | MESSAGE_RECEIVED | Mensaje del servidor: Opcion invalida | CLIENT | ID:42570867
[2025-07-27 19:17:05] DEBUG | CLIENT | COMMAND_RECEIVED | Comando recibido: PAUSE | CLIENT | ID:89079999
[2025-07-27 19:17:05] INFO | CLIENT | PAUSE_RECEIVED | Pausa solicitada: continuar | CLIENT | ID:21750656
[2025-07-27 19:17:14] DEBUG | CLIENT | COMMAND_RECEIVED | Comando recibido: MENU | CLIENT | ID:63274671
[2025-07-27 19:17:14] INFO | CLIENT | MENU_RECEIVED | Menú recibido: Menu Principal con 4 opciones | CLIENT | ID:54539091
[2025-07-27 19:17:14] DEBUG | CLIENT | COMMAND_RECEIVED | Comando recibido: OPTION | CLIENT | ID:99694123
[2025-07-27 19:17:18] INFO | CLIENT | OPTION_SENT | Opción enviada: 3 | CLIENT | ID:48230176
[2025-07-27 19:17:18] DEBUG | CLIENT | COMMAND_RECEIVED | Comando recibido: UPLOAD_FILE | CLIENT | ID:05747751
[2025-07-27 19:17:18] INFO | CLIENT | UPLOAD_REQUEST | Iniciando proceso de subida de archivo | CLIENT | ID:11590113
[2025-07-27 19:17:18] INFO | CLIENT | FILES_LISTED | 4 archivos disponibles para subir | CLIENT | ID:23943880
[2025-07-27 19:17:23] INFO | CLIENT | FILE_SELECTED | Archivo seleccionado: NuevoArchico_20250727_191536.txt | CLIENT | ID:29159123
[2025-07-27 19:17:23] INFO | CLIENT | FILE_SENT | Archivo NuevoArchico_20250727_191536.txt enviado exitosamente | CLIENT | ID:47050340
[2025-07-27 19:17:23] DEBUG | CLIENT | COMMAND_RECEIVED | Comando recibido: MESSAGE | CLIENT | ID:15172791
[2025-07-27 19:17:23] INFO | CLIENT | MESSAGE_RECEIVED | Mensaje del servidor: Archivo subido correctamente | CLIENT | ID:81118891
[2025-07-27 19:17:23] DEBUG | CLIENT | COMMAND_RECEIVED | Comando recibido: PAUSE | CLIENT | ID:50145854
[2025-07-27 19:17:23] INFO | CLIENT | PAUSE_RECEIVED | Pausa solicitada: continuar | CLIENT | ID:99274836
[2025-07-27 19:17:37] DEBUG | CLIENT | COMMAND_RECEIVED | Comando recibido: MENU | CLIENT | ID:85030624
[2025-07-27 19:17:37] INFO | CLIENT | MENU_RECEIVED | Menú recibido: Menu Principal con 4 opciones | CLIENT | ID:38211565
[2025-07-27 19:17:37] DEBUG | CLIENT | COMMAND_RECEIVED | Comando recibido: OPTION | CLIENT | ID:80269271
[2025-07-27 19:17:40] INFO | CLIENT | OPTION_SENT | Opción enviada: 3 | CLIENT | ID:08188695
[2025-07-27 19:17:40] DEBUG | CLIENT | COMMAND_RECEIVED | Comando recibido: UPLOAD_FILE | CLIENT | ID:89262305
[2025-07-27 19:17:40] INFO | CLIENT | UPLOAD_REQUEST | Iniciando proceso de subida de archivo | CLIENT | ID:42900152
[2025-07-27 19:17:40] INFO | CLIENT | FILES_LISTED | 4 archivos disponibles para subir | CLIENT | ID:99694572
[2025-07-27 19:17:42] INFO | CLIENT | FILE_SELECTED | Archivo seleccionado: NuevoArchico_20250727_191536.txt | CLIENT | ID:08182212
[2025-07-27 19:17:42] INFO | CLIENT | FILE_SENT | Archivo NuevoArchico_20250727_191536.txt enviado exitosamente | CLIENT | ID:25047905
[2025-07-27 19:17:42] DEBUG | CLIENT | COMMAND_RECEIVED | Comando recibido: MESSAGE | CLIENT | ID:16649146
[2025-07-27 19:17:42] INFO | CLIENT | MESSAGE_RECEIVED | Mensaje del servidor: Archivo subido correctamente | CLIENT | ID:42974024
[2025-07-27 19:17:42] DEBUG | CLIENT | COMMAND_RECEIVED | Comando recibido: PAUSE | CLIENT | ID:63547555
[2025-07-27 19:17:42] INFO | CLIENT | PAUSE_RECEIVED | Pausa solicitada: continuar | CLIENT | ID:97136815
[2025-07-27 19:18:06] DEBUG | CLIENT | COMMAND_RECEIVED | Comando recibido: MENU | CLIENT | ID:46579937
[2025-07-27 19:18:06] INFO | CLIENT | MENU_RECEIVED | Menú recibido: Menu Principal con 4 opciones | CLIENT | ID:96648900
[2025-07-27 19:18:06] DEBUG | CLIENT | COMMAND_RECEIVED | Comando recibido: OPTION | CLIENT | ID:50853714
[2025-07-27 19:18:09] INFO | CLIENT | OPTION_SENT | Opción enviada: 4 | CLIENT | ID:64761500
[2025-07-27 19:18:09] DEBUG | CLIENT | COMMAND_RECEIVED | Comando recibido: EXIT | CLIENT | ID:05249088
[2025-07-27 19:18:09] INFO | CLIENT | EXIT_RECEIVED | Servidor cerró la conexión | CLIENT | ID:01973560
[2025-07-27 19:18:09] INFO | CLIENT | EXIT_REQUESTED | Servidor solicitó desconexión | CLIENT | ID:34064903
[2025-07-27 19:18:09] INFO | CLIENT | HANDLER_CLOSING | Cerrando ClientRequestHandler | CLIENT | ID:42231509
[2025-07-27 19:18:09] DEBUG | CLIENT | CONSOLE_CLOSED | Console cerrada | CLIENT | ID:54423711
[2025-07-27 19:18:09] DEBUG | CLIENT | REQUEST_MANAGER_CLOSED | RequestManager cerrado | CLIENT | ID:09551829
[2025-07-27 19:18:09] INFO | CLIENT | RESOURCES_CLOSED | Recursos cerrados correctamente | CLIENT | ID:90065748
