[2025-07-27 17:05:34] INFO | SERVER | HOST_RESOLVE | Host: 192.168.0.2 | SERVER | ID:89018945
[2025-07-27 17:05:34] INFO | SERVER | SOCKET_CREATED | ServerSocket creado en puerto: 8080 | SERVER | ID:74025479
[2025-07-27 17:05:34] INFO | SERVER | STARTED | Servidor activo en 192.168.0.2:8080 | SERVER | ID:40734591
[2025-07-27 17:05:34] INFO | CONSOLE | THREAD_STARTED | Hilo de monitoreo iniciado | SERVER | ID:85782749
[2025-07-27 17:06:16] INFO | CLIENT | CONNECTION_ACCEPTED | /127.0.0.1:58018 | /127.0.0.1 | ID:39775978
[2025-07-27 17:06:16] DEBUG | SYSTEM | THREAD_CREATED | Hilo virtual para: /127.0.0.1:58018 | SERVER | ID:17984680
[2025-07-27 17:06:16] INFO | MENU | MENU_SENT | Menú enviado: Menu Principal | SERVER | ID:91633049
[2025-07-27 17:06:38] INFO | CLIENT | OPTION_RECEIVED | Opción recibida: 1 | SERVER | ID:08590490
[2025-07-27 17:06:38] INFO | FILE | LIST_EMPTY | No hay archivos disponibles | SERVER | ID:09792940
[2025-07-27 17:06:38] INFO | MENU | MENU_SENT | Menú enviado: Menu Principal | SERVER | ID:60514047
[2025-07-27 17:06:41] INFO | CLIENT | OPTION_RECEIVED | Opción recibida: 1 | SERVER | ID:02961469
[2025-07-27 17:06:41] INFO | FILE | LIST_EMPTY | No hay archivos disponibles | SERVER | ID:20695122
[2025-07-27 17:06:41] INFO | MENU | MENU_SENT | Menú enviado: Menu Principal | SERVER | ID:25551052
[2025-07-27 17:07:04] INFO | CLIENT | OPTION_RECEIVED | Opción recibida: 2 | SERVER | ID:63276755
[2025-07-27 17:07:04] INFO | MENU | MENU_SENT | Menú enviado: Archivos Disponibles para Descargar | SERVER | ID:91021544
[2025-07-27 17:07:06] INFO | CLIENT | OPTION_RECEIVED | Opción recibida: 1 | SERVER | ID:24707472
[2025-07-27 17:07:06] INFO | CLIENT | RETURNED_TO_MENU | Cliente regresó al menú | SERVER | ID:95409517
[2025-07-27 17:07:06] INFO | MENU | MENU_SENT | Menú enviado: Menu Principal | SERVER | ID:27078096
[2025-07-27 17:07:07] INFO | CLIENT | OPTION_RECEIVED | Opción recibida: 3 | SERVER | ID:47628161
[2025-07-27 17:07:07] INFO | CLIENT | UPLOAD_REQUEST | Cliente solicitó subir archivo | SERVER | ID:29257636
[2025-07-27 17:07:07] INFO | CLIENT | NO_FILES_TO_UPLOAD | Cliente sin archivos | SERVER | ID:04433404
[2025-07-27 17:07:07] INFO | MENU | MENU_SENT | Menú enviado: Menu Principal | SERVER | ID:92409323
[2025-07-27 17:07:10] INFO | CLIENT | OPTION_RECEIVED | Opción recibida: 4 | SERVER | ID:66610673
[2025-07-27 17:07:14] INFO | SERVER | SHUTDOWN | ServerSocket cerrado exitosamente | SERVER | ID:01332345
[2025-07-27 17:07:14] DEBUG | CONSOLE | THREAD_ENDED | Hilo de monitoreo terminado | SERVER | ID:71675786
[2025-07-27 17:12:28] INFO | SERVER | HOST_RESOLVE | Host: 192.168.0.2 | SERVER | ID:17811158
[2025-07-27 17:12:28] INFO | SERVER | SOCKET_CREATED | ServerSocket creado en puerto: 8080 | SERVER | ID:30768533
[2025-07-27 17:12:28] INFO | SERVER | STARTED | Servidor activo en 192.168.0.2:8080 | SERVER | ID:95334256
[2025-07-27 17:12:28] INFO | CONSOLE | THREAD_STARTED | Hilo de monitoreo iniciado | SERVER | ID:68474918
[2025-07-27 17:12:33] INFO | CLIENT | CONNECTION_ACCEPTED | /127.0.0.1:58080 | /127.0.0.1 | ID:96905795
[2025-07-27 17:12:33] DEBUG | SYSTEM | THREAD_CREATED | Hilo virtual para: /127.0.0.1:58080 | SERVER | ID:42428047
[2025-07-27 17:12:33] INFO | MENU | MENU_SENT | Menú enviado: Menu Principal | SERVER | ID:62668289
[2025-07-27 17:12:34] INFO | CLIENT | OPTION_RECEIVED | Opción recibida: 1 | SERVER | ID:90931928
[2025-07-27 17:12:34] INFO | MENU | MENU_SENT | Menú enviado: Archivos Disponibles | SERVER | ID:83190252
[2025-07-27 17:12:34] INFO | FILE | LIST_SENT | 4 archivos enviados | SERVER | ID:01822329
[2025-07-27 17:12:34] INFO | MENU | MENU_SENT | Menú enviado: Menu Principal | SERVER | ID:87108258
[2025-07-27 17:12:36] INFO | CLIENT | OPTION_RECEIVED | Opción recibida: 2 | SERVER | ID:45527362
[2025-07-27 17:12:36] INFO | MENU | MENU_SENT | Menú enviado: Archivos Disponibles para Descargar | SERVER | ID:00402487
[2025-07-27 17:12:40] INFO | CLIENT | OPTION_RECEIVED | Opción recibida: 1 | SERVER | ID:71803913
[2025-07-27 17:12:40] INFO | FILE | SEND_FILE_STARTED | Complementos.txt | SERVER | ID:91537770
[2025-07-27 17:12:40] INFO | FILE | SEND_FILE_COMPLETED | Complementos.txt enviado exitosamente | SERVER | ID:26871894
[2025-07-27 17:12:40] INFO | MENU | MENU_SENT | Menú enviado: Menu Principal | SERVER | ID:40150925
[2025-07-27 17:12:56] INFO | CLIENT | OPTION_RECEIVED | Opción recibida: 3 | SERVER | ID:82447636
[2025-07-27 17:12:56] INFO | CLIENT | UPLOAD_REQUEST | Cliente solicitó subir archivo | SERVER | ID:20318286
[2025-07-27 17:12:56] INFO | CLIENT | NO_FILES_TO_UPLOAD | Cliente sin archivos | SERVER | ID:00876031
[2025-07-27 17:12:56] INFO | MENU | MENU_SENT | Menú enviado: Menu Principal | SERVER | ID:62494313
[2025-07-27 17:13:02] INFO | CLIENT | OPTION_RECEIVED | Opción recibida: 2 | SERVER | ID:78122270
[2025-07-27 17:13:02] INFO | MENU | MENU_SENT | Menú enviado: Archivos Disponibles para Descargar | SERVER | ID:75079266
[2025-07-27 17:13:04] INFO | CLIENT | OPTION_RECEIVED | Opción recibida: 5 | SERVER | ID:06095491
[2025-07-27 17:13:04] INFO | CLIENT | RETURNED_TO_MENU | Cliente regresó al menú | SERVER | ID:37811166
[2025-07-27 17:13:04] INFO | MENU | MENU_SENT | Menú enviado: Menu Principal | SERVER | ID:08888855
[2025-07-27 17:13:07] INFO | CLIENT | OPTION_RECEIVED | Opción recibida: 3 | SERVER | ID:92438502
[2025-07-27 17:13:07] INFO | CLIENT | UPLOAD_REQUEST | Cliente solicitó subir archivo | SERVER | ID:52673445
[2025-07-27 17:13:07] INFO | CLIENT | NO_FILES_TO_UPLOAD | Cliente sin archivos | SERVER | ID:92013958
[2025-07-27 17:13:07] INFO | MENU | MENU_SENT | Menú enviado: Menu Principal | SERVER | ID:84747938
[2025-07-27 17:13:09] INFO | CLIENT | OPTION_RECEIVED | Opción recibida: 4 | SERVER | ID:63685879
[2025-07-27 17:13:17] INFO | SERVER | SHUTDOWN | ServerSocket cerrado exitosamente | SERVER | ID:38836851
[2025-07-27 17:13:17] DEBUG | CONSOLE | THREAD_ENDED | Hilo de monitoreo terminado | SERVER | ID:11998848
[2025-07-27 17:15:57] INFO | SERVER | HOST_RESOLVE | Host: 192.168.0.2 | SERVER | ID:62567934
[2025-07-27 17:15:57] INFO | SERVER | SOCKET_CREATED | ServerSocket creado en puerto: 8080 | SERVER | ID:35691573
[2025-07-27 17:15:57] INFO | SERVER | STARTED | Servidor activo en 192.168.0.2:8080 | SERVER | ID:56438611
[2025-07-27 17:15:57] INFO | CONSOLE | THREAD_STARTED | Hilo de monitoreo iniciado | SERVER | ID:78216242
[2025-07-27 17:15:59] INFO | CLIENT | CONNECTION_ACCEPTED | /127.0.0.1:58103 | /127.0.0.1 | ID:35597045
[2025-07-27 17:15:59] DEBUG | SYSTEM | THREAD_CREATED | Hilo virtual para: /127.0.0.1:58103 | SERVER | ID:70020800
[2025-07-27 17:15:59] INFO | MENU | MENU_SENT | Menú enviado: Menu Principal | SERVER | ID:46462923
[2025-07-27 17:16:01] INFO | CLIENT | OPTION_RECEIVED | Opción recibida: 3 | SERVER | ID:02982274
[2025-07-27 17:16:01] INFO | CLIENT | UPLOAD_REQUEST | Cliente solicitó subir archivo | SERVER | ID:51940963
[2025-07-27 17:16:01] INFO | CLIENT | NO_FILES_TO_UPLOAD | Cliente sin archivos | SERVER | ID:99726764
[2025-07-27 17:16:01] INFO | MENU | MENU_SENT | Menú enviado: Menu Principal | SERVER | ID:16219642
[2025-07-27 17:16:06] INFO | CLIENT | OPTION_RECEIVED | Opción recibida: 3 | SERVER | ID:84662532
[2025-07-27 17:16:06] INFO | CLIENT | UPLOAD_REQUEST | Cliente solicitó subir archivo | SERVER | ID:17324528
[2025-07-27 17:16:06] INFO | CLIENT | NO_FILES_TO_UPLOAD | Cliente sin archivos | SERVER | ID:84082862
[2025-07-27 17:16:06] INFO | MENU | MENU_SENT | Menú enviado: Menu Principal | SERVER | ID:99160699
[2025-07-27 17:16:19] INFO | CLIENT | OPTION_RECEIVED | Opción recibida: 3 | SERVER | ID:21528385
[2025-07-27 17:16:19] INFO | CLIENT | UPLOAD_REQUEST | Cliente solicitó subir archivo | SERVER | ID:88679808
[2025-07-27 17:16:20] INFO | CLIENT | UPLOAD_CANCELLED | Cliente canceló subida | SERVER | ID:04214723
[2025-07-27 17:16:20] INFO | MENU | MENU_SENT | Menú enviado: Menu Principal | SERVER | ID:90413927
[2025-07-27 17:18:09] INFO | CLIENT | OPTION_RECEIVED | Opción recibida: 4 | SERVER | ID:68592969
[2025-07-27 17:18:11] INFO | SERVER | SHUTDOWN | ServerSocket cerrado exitosamente | SERVER | ID:26078591
[2025-07-27 17:18:11] DEBUG | CONSOLE | THREAD_ENDED | Hilo de monitoreo terminado | SERVER | ID:03353011
[2025-07-27 17:47:45] INFO | SERVER | HOST_RESOLVE | Host: 192.168.0.2 | SERVER | ID:25675180
[2025-07-27 17:47:45] INFO | SERVER | SOCKET_CREATED | ServerSocket creado en puerto: 8080 | SERVER | ID:16063466
[2025-07-27 17:47:45] INFO | SERVER | STARTED | Servidor activo en 192.168.0.2:8080 | SERVER | ID:00042230
[2025-07-27 17:47:45] INFO | CONSOLE | THREAD_STARTED | Hilo de monitoreo iniciado | SERVER | ID:69294060
[2025-07-27 17:47:48] INFO | CLIENT | CONNECTION_ACCEPTED | /127.0.0.1:58340 | /127.0.0.1 | ID:17369238
[2025-07-27 17:47:48] DEBUG | SYSTEM | THREAD_CREATED | Hilo virtual para: /127.0.0.1:58340 | SERVER | ID:07117994
[2025-07-27 17:47:48] INFO | MENU | MENU_SENT | Menú enviado: Menu Principal | SERVER | ID:29108422
[2025-07-27 17:47:49] INFO | CLIENT | OPTION_RECEIVED | Opción recibida: 1 | SERVER | ID:07869182
[2025-07-27 17:47:49] INFO | MENU | MENU_SENT | Menú enviado: Archivos Disponibles | SERVER | ID:22253431
[2025-07-27 17:47:49] INFO | FILE | LIST_SENT | 4 archivos enviados | SERVER | ID:27138663
[2025-07-27 17:47:49] INFO | MENU | MENU_SENT | Menú enviado: Menu Principal | SERVER | ID:41419387
[2025-07-27 17:47:51] INFO | CLIENT | OPTION_RECEIVED | Opción recibida: 1 | SERVER | ID:93084475
[2025-07-27 17:47:51] INFO | MENU | MENU_SENT | Menú enviado: Archivos Disponibles | SERVER | ID:71138840
[2025-07-27 17:47:51] INFO | FILE | LIST_SENT | 4 archivos enviados | SERVER | ID:18886330
[2025-07-27 17:47:51] INFO | MENU | MENU_SENT | Menú enviado: Menu Principal | SERVER | ID:24066001
[2025-07-27 17:47:54] INFO | CLIENT | OPTION_RECEIVED | Opción recibida: 2 | SERVER | ID:52905635
[2025-07-27 17:47:54] INFO | MENU | MENU_SENT | Menú enviado: Archivos Disponibles para Descargar | SERVER | ID:78328567
[2025-07-27 17:47:59] INFO | CLIENT | OPTION_RECEIVED | Opción recibida: 5 | SERVER | ID:63646515
[2025-07-27 17:47:59] INFO | CLIENT | RETURNED_TO_MENU | Cliente regresó al menú | SERVER | ID:87542600
[2025-07-27 17:47:59] INFO | MENU | MENU_SENT | Menú enviado: Menu Principal | SERVER | ID:51814347
[2025-07-27 17:48:01] INFO | CLIENT | OPTION_RECEIVED | Opción recibida: 3 | SERVER | ID:48225589
[2025-07-27 17:48:01] INFO | CLIENT | UPLOAD_REQUEST | Cliente solicitó subir archivo | SERVER | ID:08961589
[2025-07-27 17:48:02] INFO | CLIENT | NO_FILES_TO_UPLOAD | Cliente sin archivos | SERVER | ID:46922496
[2025-07-27 17:48:02] INFO | MENU | MENU_SENT | Menú enviado: Menu Principal | SERVER | ID:34944498
[2025-07-27 17:48:04] INFO | CLIENT | OPTION_RECEIVED | Opción recibida: 4 | SERVER | ID:79080393
[2025-07-27 17:48:12] INFO | SERVER | SHUTDOWN | ServerSocket cerrado exitosamente | SERVER | ID:93399708
[2025-07-27 17:48:12] DEBUG | CONSOLE | THREAD_ENDED | Hilo de monitoreo terminado | SERVER | ID:18099755
[2025-07-27 17:56:26] INFO | SERVER | HOST_RESOLVE | Host: 192.168.0.2 | SERVER | ID:86975628
[2025-07-27 17:56:26] INFO | SERVER | SOCKET_CREATED | ServerSocket creado en puerto: 8080 | SERVER | ID:20961842
[2025-07-27 17:56:26] INFO | SERVER | STARTED | Servidor activo en 192.168.0.2:8080 | SERVER | ID:57321768
[2025-07-27 17:56:26] INFO | CONSOLE | THREAD_STARTED | Hilo de monitoreo iniciado | SERVER | ID:03541965
[2025-07-27 17:56:29] INFO | CLIENT | CONNECTION_ACCEPTED | /127.0.0.1:58384 | /127.0.0.1 | ID:08057187
[2025-07-27 17:56:29] DEBUG | SYSTEM | THREAD_CREATED | Hilo virtual para: /127.0.0.1:58384 | SERVER | ID:24791187
[2025-07-27 17:56:29] INFO | MENU | MENU_SENT | Menú enviado: Menu Principal | SERVER | ID:81442364
[2025-07-27 17:56:30] INFO | CLIENT | OPTION_RECEIVED | Opción recibida: 1 | SERVER | ID:12171531
[2025-07-27 17:56:30] INFO | MENU | MENU_SENT | Menú enviado: Archivos Disponibles | SERVER | ID:61143506
[2025-07-27 17:56:30] INFO | FILE | LIST_SENT | 4 archivos enviados | SERVER | ID:63103865
[2025-07-27 17:56:30] INFO | MENU | MENU_SENT | Menú enviado: Menu Principal | SERVER | ID:04826217
[2025-07-27 17:56:32] INFO | CLIENT | OPTION_RECEIVED | Opción recibida: 1 | SERVER | ID:27892303
[2025-07-27 17:56:32] INFO | MENU | MENU_SENT | Menú enviado: Archivos Disponibles | SERVER | ID:36142514
[2025-07-27 17:56:32] INFO | FILE | LIST_SENT | 4 archivos enviados | SERVER | ID:43766767
[2025-07-27 17:56:32] INFO | MENU | MENU_SENT | Menú enviado: Menu Principal | SERVER | ID:20628347
[2025-07-27 17:56:34] INFO | CLIENT | OPTION_RECEIVED | Opción recibida: 2 | SERVER | ID:68080840
[2025-07-27 17:56:34] INFO | MENU | MENU_SENT | Menú enviado: Archivos Disponibles para Descargar | SERVER | ID:11406540
[2025-07-27 17:56:36] INFO | CLIENT | OPTION_RECEIVED | Opción recibida: 5 | SERVER | ID:40598700
[2025-07-27 17:56:36] INFO | CLIENT | RETURNED_TO_MENU | Cliente regresó al menú | SERVER | ID:18726454
[2025-07-27 17:56:36] INFO | MENU | MENU_SENT | Menú enviado: Menu Principal | SERVER | ID:64734010
[2025-07-27 17:56:43] INFO | CLIENT | OPTION_RECEIVED | Opción recibida: 3 | SERVER | ID:80222844
[2025-07-27 17:56:43] INFO | CLIENT | UPLOAD_REQUEST | Cliente solicitó subir archivo | SERVER | ID:34457323
[2025-07-27 17:56:43] INFO | CLIENT | NO_FILES_TO_UPLOAD | Cliente sin archivos | SERVER | ID:85075387
[2025-07-27 17:56:43] INFO | MENU | MENU_SENT | Menú enviado: Menu Principal | SERVER | ID:42586131
[2025-07-27 17:57:07] INFO | CLIENT | OPTION_RECEIVED | Opción recibida: 3 | SERVER | ID:04467346
[2025-07-27 17:57:07] INFO | CLIENT | UPLOAD_REQUEST | Cliente solicitó subir archivo | SERVER | ID:09052366
[2025-07-27 17:57:07] INFO | CLIENT | NO_FILES_TO_UPLOAD | Cliente sin archivos | SERVER | ID:62272016
[2025-07-27 17:57:07] INFO | MENU | MENU_SENT | Menú enviado: Menu Principal | SERVER | ID:50828132
[2025-07-27 17:57:12] INFO | CLIENT | OPTION_RECEIVED | Opción recibida: 3 | SERVER | ID:41765859
[2025-07-27 17:57:12] INFO | CLIENT | UPLOAD_REQUEST | Cliente solicitó subir archivo | SERVER | ID:93152350
[2025-07-27 17:57:12] INFO | CLIENT | NO_FILES_TO_UPLOAD | Cliente sin archivos | SERVER | ID:86383935
[2025-07-27 17:57:12] INFO | MENU | MENU_SENT | Menú enviado: Menu Principal | SERVER | ID:27493314
[2025-07-27 17:58:59] INFO | CLIENT | OPTION_RECEIVED | Opción recibida: 1 | SERVER | ID:71209481
[2025-07-27 17:58:59] INFO | MENU | MENU_SENT | Menú enviado: Archivos Disponibles | SERVER | ID:74024130
[2025-07-27 17:58:59] INFO | FILE | LIST_SENT | 4 archivos enviados | SERVER | ID:26932832
[2025-07-27 17:58:59] INFO | MENU | MENU_SENT | Menú enviado: Menu Principal | SERVER | ID:63012896
[2025-07-27 17:59:03] INFO | CLIENT | OPTION_RECEIVED | Opción recibida: 2 | SERVER | ID:05128540
[2025-07-27 17:59:03] INFO | MENU | MENU_SENT | Menú enviado: Archivos Disponibles para Descargar | SERVER | ID:86569769
[2025-07-27 17:59:07] INFO | CLIENT | OPTION_RECEIVED | Opción recibida: 2 | SERVER | ID:45908603
[2025-07-27 17:59:07] INFO | FILE | SEND_FILE_STARTED | Lista.txt | SERVER | ID:42511361
[2025-07-27 17:59:07] INFO | FILE | SEND_FILE_COMPLETED | Lista.txt enviado exitosamente | SERVER | ID:07018795
[2025-07-27 17:59:07] INFO | MENU | MENU_SENT | Menú enviado: Menu Principal | SERVER | ID:92913047
[2025-07-27 18:00:05] INFO | CLIENT | OPTION_RECEIVED | Opción recibida: 2 | SERVER | ID:22893322
[2025-07-27 18:00:05] INFO | MENU | MENU_SENT | Menú enviado: Archivos Disponibles para Descargar | SERVER | ID:19342865
[2025-07-27 18:00:13] INFO | CLIENT | OPTION_RECEIVED | Opción recibida: 3 | SERVER | ID:08731092
[2025-07-27 18:00:13] INFO | FILE | SEND_FILE_STARTED | Recetas.txt | SERVER | ID:14680309
[2025-07-27 18:00:13] INFO | FILE | SEND_FILE_COMPLETED | Recetas.txt enviado exitosamente | SERVER | ID:68224705
[2025-07-27 18:00:13] INFO | MENU | MENU_SENT | Menú enviado: Menu Principal | SERVER | ID:79844086
[2025-07-27 18:00:43] WARN | CONSOLE | COMMAND_IGNORED | Comando inválido: 'exot' | SERVER | ID:17709548
[2025-07-27 18:00:46] INFO | SERVER | SHUTDOWN | ServerSocket cerrado exitosamente | SERVER | ID:91882067
[2025-07-27 18:00:46] DEBUG | CONSOLE | THREAD_ENDED | Hilo de monitoreo terminado | SERVER | ID:20834978
[2025-07-27 18:04:12] INFO | SERVER | HOST_RESOLVE | Host: 192.168.0.2 | SERVER | ID:96527351
[2025-07-27 18:04:12] INFO | SERVER | SOCKET_CREATED | ServerSocket creado en puerto: 8080 | SERVER | ID:69252685
[2025-07-27 18:04:12] INFO | SERVER | STARTED | Servidor activo en 192.168.0.2:8080 | SERVER | ID:74289610
[2025-07-27 18:04:12] INFO | CONSOLE | THREAD_STARTED | Hilo de monitoreo iniciado | SERVER | ID:35202209
[2025-07-27 18:04:14] INFO | CLIENT | CONNECTION_ACCEPTED | /127.0.0.1:58394 | /127.0.0.1 | ID:82332715
[2025-07-27 18:04:14] DEBUG | SYSTEM | THREAD_CREATED | Hilo virtual para: /127.0.0.1:58394 | SERVER | ID:45366960
[2025-07-27 18:04:14] INFO | MENU | MENU_SENT | Menú enviado: Menu Principal | SERVER | ID:60183303
[2025-07-27 18:04:15] INFO | CLIENT | OPTION_RECEIVED | Opción recibida: 1 | SERVER | ID:97777658
[2025-07-27 18:04:15] INFO | MENU | MENU_SENT | Menú enviado: Archivos Disponibles | SERVER | ID:79304910
[2025-07-27 18:04:15] INFO | FILE | LIST_SENT | 4 archivos enviados | SERVER | ID:02722868
[2025-07-27 18:04:15] INFO | MENU | MENU_SENT | Menú enviado: Menu Principal | SERVER | ID:16744166
[2025-07-27 18:04:16] INFO | CLIENT | OPTION_RECEIVED | Opción recibida: 2 | SERVER | ID:03381382
[2025-07-27 18:04:16] INFO | MENU | MENU_SENT | Menú enviado: Archivos Disponibles para Descargar | SERVER | ID:06590401
[2025-07-27 18:04:18] INFO | CLIENT | OPTION_RECEIVED | Opción recibida: 1 | SERVER | ID:31256050
[2025-07-27 18:04:18] INFO | FILE | SEND_FILE_STARTED | Complementos.txt | SERVER | ID:68350088
[2025-07-27 18:04:18] INFO | FILE | SEND_FILE_COMPLETED | Complementos.txt enviado exitosamente | SERVER | ID:07506779
[2025-07-27 18:04:18] INFO | MENU | MENU_SENT | Menú enviado: Menu Principal | SERVER | ID:91260647
[2025-07-27 18:04:38] INFO | CLIENT | OPTION_RECEIVED | Opción recibida: 3 | SERVER | ID:41673618
[2025-07-27 18:04:38] INFO | CLIENT | UPLOAD_REQUEST | Cliente solicitó subir archivo | SERVER | ID:95982137
[2025-07-27 18:04:38] INFO | CLIENT | NO_FILES_TO_UPLOAD | Cliente sin archivos | SERVER | ID:59244754
[2025-07-27 18:04:38] INFO | MENU | MENU_SENT | Menú enviado: Menu Principal | SERVER | ID:93128365
[2025-07-27 18:05:35] INFO | CLIENT | OPTION_RECEIVED | Opción recibida: 4 | SERVER | ID:63279361
[2025-07-27 18:05:36] INFO | SERVER | SHUTDOWN | ServerSocket cerrado exitosamente | SERVER | ID:39320136
[2025-07-27 18:05:36] DEBUG | CONSOLE | THREAD_ENDED | Hilo de monitoreo terminado | SERVER | ID:82235889
[2025-07-27 18:05:39] INFO | SERVER | HOST_RESOLVE | Host: 192.168.0.2 | SERVER | ID:79991815
[2025-07-27 18:05:39] INFO | SERVER | SOCKET_CREATED | ServerSocket creado en puerto: 8080 | SERVER | ID:73827662
[2025-07-27 18:05:39] INFO | SERVER | STARTED | Servidor activo en 192.168.0.2:8080 | SERVER | ID:53588964
[2025-07-27 18:05:39] INFO | CONSOLE | THREAD_STARTED | Hilo de monitoreo iniciado | SERVER | ID:99317760
[2025-07-27 18:05:41] INFO | CLIENT | CONNECTION_ACCEPTED | /127.0.0.1:58399 | /127.0.0.1 | ID:23434736
[2025-07-27 18:05:41] DEBUG | SYSTEM | THREAD_CREATED | Hilo virtual para: /127.0.0.1:58399 | SERVER | ID:39891166
[2025-07-27 18:05:41] INFO | MENU | MENU_SENT | Menú enviado: Menu Principal | SERVER | ID:53385248
[2025-07-27 18:05:42] INFO | CLIENT | OPTION_RECEIVED | Opción recibida: 3 | SERVER | ID:21090430
[2025-07-27 18:05:42] INFO | CLIENT | UPLOAD_REQUEST | Cliente solicitó subir archivo | SERVER | ID:83119537
[2025-07-27 18:05:42] INFO | CLIENT | NO_FILES_TO_UPLOAD | Cliente sin archivos | SERVER | ID:16805862
[2025-07-27 18:05:42] INFO | MENU | MENU_SENT | Menú enviado: Menu Principal | SERVER | ID:55715031
[2025-07-27 18:05:44] INFO | CLIENT | OPTION_RECEIVED | Opción recibida: 2 | SERVER | ID:19648856
[2025-07-27 18:05:44] INFO | MENU | MENU_SENT | Menú enviado: Archivos Disponibles para Descargar | SERVER | ID:40617922
[2025-07-27 18:05:45] INFO | CLIENT | OPTION_RECEIVED | Opción recibida: 1 | SERVER | ID:95179808
[2025-07-27 18:05:45] INFO | FILE | SEND_FILE_STARTED | Complementos.txt | SERVER | ID:54297653
[2025-07-27 18:05:45] INFO | FILE | SEND_FILE_COMPLETED | Complementos.txt enviado exitosamente | SERVER | ID:44031378
[2025-07-27 18:05:45] INFO | MENU | MENU_SENT | Menú enviado: Menu Principal | SERVER | ID:49189168
[2025-07-27 18:06:04] INFO | CLIENT | OPTION_RECEIVED | Opción recibida: 4 | SERVER | ID:01127622
[2025-07-27 18:06:06] INFO | SERVER | SHUTDOWN | ServerSocket cerrado exitosamente | SERVER | ID:75651576
[2025-07-27 18:06:06] DEBUG | CONSOLE | THREAD_ENDED | Hilo de monitoreo terminado | SERVER | ID:61905210
[2025-07-27 18:06:25] INFO | SERVER | HOST_RESOLVE | Host: 192.168.0.2 | SERVER | ID:74231471
[2025-07-27 18:06:25] INFO | SERVER | SOCKET_CREATED | ServerSocket creado en puerto: 8080 | SERVER | ID:16289145
[2025-07-27 18:06:25] INFO | SERVER | STARTED | Servidor activo en 192.168.0.2:8080 | SERVER | ID:72297813
[2025-07-27 18:06:25] INFO | CONSOLE | THREAD_STARTED | Hilo de monitoreo iniciado | SERVER | ID:31111767
[2025-07-27 18:06:26] INFO | CLIENT | CONNECTION_ACCEPTED | /127.0.0.1:58401 | /127.0.0.1 | ID:02038391
[2025-07-27 18:06:26] DEBUG | SYSTEM | THREAD_CREATED | Hilo virtual para: /127.0.0.1:58401 | SERVER | ID:87259562
[2025-07-27 18:06:26] INFO | MENU | MENU_SENT | Menú enviado: Menu Principal | SERVER | ID:94963275
[2025-07-27 18:06:28] INFO | CLIENT | OPTION_RECEIVED | Opción recibida: 1 | SERVER | ID:15678400
[2025-07-27 18:06:28] INFO | MENU | MENU_SENT | Menú enviado: Archivos Disponibles | SERVER | ID:32140369
[2025-07-27 18:06:28] INFO | FILE | LIST_SENT | 4 archivos enviados | SERVER | ID:89172916
[2025-07-27 18:06:28] INFO | MENU | MENU_SENT | Menú enviado: Menu Principal | SERVER | ID:66018372
[2025-07-27 18:06:29] INFO | CLIENT | OPTION_RECEIVED | Opción recibida: 3 | SERVER | ID:49129988
[2025-07-27 18:06:29] INFO | CLIENT | UPLOAD_REQUEST | Cliente solicitó subir archivo | SERVER | ID:89787906
[2025-07-27 18:14:02] INFO | SERVER | SHUTDOWN | ServerSocket cerrado exitosamente | SERVER | ID:48589517
[2025-07-27 18:14:02] DEBUG | CONSOLE | THREAD_ENDED | Hilo de monitoreo terminado | SERVER | ID:58130952
[2025-07-27 18:14:03] INFO | SERVER | HOST_RESOLVE | Host: 192.168.0.2 | SERVER | ID:42758957
[2025-07-27 18:14:03] INFO | SERVER | SOCKET_CREATED | ServerSocket creado en puerto: 8080 | SERVER | ID:41051022
[2025-07-27 18:14:03] INFO | SERVER | STARTED | Servidor activo en 192.168.0.2:8080 | SERVER | ID:98459818
[2025-07-27 18:14:03] INFO | CONSOLE | THREAD_STARTED | Hilo de monitoreo iniciado | SERVER | ID:62437215
[2025-07-27 18:14:05] INFO | CLIENT | CONNECTION_ACCEPTED | /127.0.0.1:58495 | /127.0.0.1 | ID:12165205
[2025-07-27 18:14:05] DEBUG | SYSTEM | THREAD_CREATED | Hilo virtual para: /127.0.0.1:58495 | SERVER | ID:28050103
[2025-07-27 18:14:05] INFO | MENU | MENU_SENT | Menú enviado: Menu Principal | SERVER | ID:07476794
[2025-07-27 18:14:07] INFO | CLIENT | OPTION_RECEIVED | Opción recibida: 2 | SERVER | ID:82495721
[2025-07-27 18:14:07] INFO | MENU | MENU_SENT | Menú enviado: Archivos Disponibles para Descargar | SERVER | ID:63505536
[2025-07-27 18:14:08] INFO | CLIENT | OPTION_RECEIVED | Opción recibida: 1 | SERVER | ID:63867690
[2025-07-27 18:14:08] INFO | FILE | SEND_FILE_STARTED | Complementos.txt | SERVER | ID:03960590
[2025-07-27 18:14:08] INFO | FILE | SEND_FILE_COMPLETED | Complementos.txt enviado exitosamente | SERVER | ID:55404307
[2025-07-27 18:14:08] INFO | MENU | MENU_SENT | Menú enviado: Menu Principal | SERVER | ID:50188030
[2025-07-27 18:14:24] INFO | CLIENT | OPTION_RECEIVED | Opción recibida: 2 | SERVER | ID:14939417
[2025-07-27 18:14:24] INFO | MENU | MENU_SENT | Menú enviado: Archivos Disponibles para Descargar | SERVER | ID:70148865
[2025-07-27 18:14:25] INFO | CLIENT | OPTION_RECEIVED | Opción recibida: 2 | SERVER | ID:58302640
[2025-07-27 18:14:25] INFO | FILE | SEND_FILE_STARTED | Lista.txt | SERVER | ID:92761637
[2025-07-27 18:14:25] INFO | FILE | SEND_FILE_COMPLETED | Lista.txt enviado exitosamente | SERVER | ID:92070028
[2025-07-27 18:14:25] INFO | MENU | MENU_SENT | Menú enviado: Menu Principal | SERVER | ID:25829768
[2025-07-27 18:14:28] INFO | CLIENT | OPTION_RECEIVED | Opción recibida: 3 | SERVER | ID:13289294
[2025-07-27 18:14:28] INFO | CLIENT | UPLOAD_REQUEST | Cliente solicitó subir archivo | SERVER | ID:35050286
[2025-07-27 18:14:30] INFO | FILE | RECEIVE_FILE_STARTED | DesdeCliente.txt (25 bytes) | SERVER | ID:57705623
[2025-07-27 18:14:30] INFO | FILE | RECEIVE_FILE_COMPLETED | DesdeCliente.txt recibido exitosamente | SERVER | ID:28916894
[2025-07-27 18:14:30] INFO | MENU | MENU_SENT | Menú enviado: Menu Principal | SERVER | ID:79224849
[2025-07-27 18:15:16] INFO | CLIENT | OPTION_RECEIVED | Opción recibida: 3 | SERVER | ID:01828475
[2025-07-27 18:15:16] INFO | CLIENT | UPLOAD_REQUEST | Cliente solicitó subir archivo | SERVER | ID:82145019
[2025-07-27 18:15:17] INFO | CLIENT | UPLOAD_CANCELLED | Cliente canceló subida | SERVER | ID:74727088
[2025-07-27 18:15:17] INFO | MENU | MENU_SENT | Menú enviado: Menu Principal | SERVER | ID:31887953
[2025-07-27 18:15:35] INFO | CLIENT | OPTION_RECEIVED | Opción recibida: 3 | SERVER | ID:83283564
[2025-07-27 18:15:35] INFO | CLIENT | UPLOAD_REQUEST | Cliente solicitó subir archivo | SERVER | ID:17641819
[2025-07-27 18:15:48] INFO | CLIENT | UPLOAD_CANCELLED | Cliente canceló subida | SERVER | ID:28612677
[2025-07-27 18:15:48] INFO | MENU | MENU_SENT | Menú enviado: Menu Principal | SERVER | ID:09804804
[2025-07-27 18:15:50] INFO | CLIENT | OPTION_RECEIVED | Opción recibida: 3 | SERVER | ID:19699596
[2025-07-27 18:15:50] INFO | CLIENT | UPLOAD_REQUEST | Cliente solicitó subir archivo | SERVER | ID:87561455
[2025-07-27 18:15:53] INFO | FILE | RECEIVE_FILE_STARTED | ListaEmpleados.txt (17 bytes) | SERVER | ID:01134161
[2025-07-27 18:15:53] INFO | FILE | RECEIVE_FILE_COMPLETED | ListaEmpleados.txt recibido exitosamente | SERVER | ID:76004036
[2025-07-27 18:15:53] INFO | MENU | MENU_SENT | Menú enviado: Menu Principal | SERVER | ID:53336275
[2025-07-27 18:16:11] INFO | CLIENT | OPTION_RECEIVED | Opción recibida: 1 | SERVER | ID:99513162
[2025-07-27 18:16:11] INFO | MENU | MENU_SENT | Menú enviado: Archivos Disponibles | SERVER | ID:41933400
[2025-07-27 18:16:11] INFO | FILE | LIST_SENT | 4 archivos enviados | SERVER | ID:47477192
[2025-07-27 18:16:11] INFO | MENU | MENU_SENT | Menú enviado: Menu Principal | SERVER | ID:63118123
[2025-07-27 18:16:14] INFO | CLIENT | OPTION_RECEIVED | Opción recibida: 4 | SERVER | ID:48155041
[2025-07-27 18:16:17] INFO | SERVER | SHUTDOWN | ServerSocket cerrado exitosamente | SERVER | ID:61160463
[2025-07-27 18:16:17] DEBUG | CONSOLE | THREAD_ENDED | Hilo de monitoreo terminado | SERVER | ID:28360012
[2025-07-27 18:21:54] INFO | SERVER | HOST_RESOLVE | Host: 192.168.0.2 | SERVER | ID:47440299
[2025-07-27 18:21:54] INFO | SERVER | SOCKET_CREATED | ServerSocket creado en puerto: 8080 | SERVER | ID:06033645
[2025-07-27 18:21:54] INFO | SERVER | STARTED | Servidor activo en 192.168.0.2:8080 | SERVER | ID:60237250
[2025-07-27 18:21:54] INFO | CONSOLE | THREAD_STARTED | Hilo de monitoreo iniciado | SERVER | ID:94954987
[2025-07-27 18:21:57] INFO | CLIENT | CONNECTION_ACCEPTED | /127.0.0.1:58550 | /127.0.0.1 | ID:11985921
[2025-07-27 18:21:57] DEBUG | SYSTEM | THREAD_CREATED | Hilo virtual para: /127.0.0.1:58550 | SERVER | ID:67149216
[2025-07-27 18:21:57] INFO | MENU | MENU_SENT | Menú enviado: Menu Principal | SERVER | ID:94169672
[2025-07-27 18:21:58] INFO | CLIENT | OPTION_RECEIVED | Opción recibida: 1 | SERVER | ID:28342968
[2025-07-27 18:21:58] INFO | MENU | MENU_SENT | Menú enviado: Archivos Disponibles | SERVER | ID:17735934
[2025-07-27 18:21:58] INFO | FILE | LIST_SENT | 4 archivos enviados | SERVER | ID:73893127
[2025-07-27 18:21:58] INFO | MENU | MENU_SENT | Menú enviado: Menu Principal | SERVER | ID:11485159
[2025-07-27 18:22:01] INFO | CLIENT | OPTION_RECEIVED | Opción recibida: 2 | SERVER | ID:96863926
[2025-07-27 18:22:01] INFO | MENU | MENU_SENT | Menú enviado: Archivos Disponibles para Descargar | SERVER | ID:63971207
[2025-07-27 18:22:04] INFO | CLIENT | OPTION_RECEIVED | Opción recibida: 1 | SERVER | ID:78501038
[2025-07-27 18:22:04] INFO | FILE | SEND_FILE_STARTED | Complementos.txt | SERVER | ID:89295731
[2025-07-27 18:22:04] INFO | FILE | SEND_FILE_COMPLETED | Complementos.txt enviado exitosamente | SERVER | ID:30318890
[2025-07-27 18:22:04] INFO | MENU | MENU_SENT | Menú enviado: Menu Principal | SERVER | ID:51575546
[2025-07-27 18:22:10] INFO | CLIENT | OPTION_RECEIVED | Opción recibida: 2 | SERVER | ID:26269753
[2025-07-27 18:22:10] INFO | MENU | MENU_SENT | Menú enviado: Archivos Disponibles para Descargar | SERVER | ID:47391905
[2025-07-27 18:22:12] INFO | CLIENT | OPTION_RECEIVED | Opción recibida: 3 | SERVER | ID:28665745
[2025-07-27 18:22:12] INFO | FILE | SEND_FILE_STARTED | Recetas.txt | SERVER | ID:48696607
[2025-07-27 18:22:12] INFO | FILE | SEND_FILE_COMPLETED | Recetas.txt enviado exitosamente | SERVER | ID:80050615
[2025-07-27 18:22:12] INFO | MENU | MENU_SENT | Menú enviado: Menu Principal | SERVER | ID:03810113
[2025-07-27 18:22:17] INFO | CLIENT | OPTION_RECEIVED | Opción recibida: 3 | SERVER | ID:93245902
[2025-07-27 18:22:17] INFO | CLIENT | UPLOAD_REQUEST | Cliente solicitó subir archivo | SERVER | ID:46866554
[2025-07-27 18:22:17] INFO | CLIENT | NO_FILES_TO_UPLOAD | Cliente sin archivos | SERVER | ID:72733166
[2025-07-27 18:22:17] INFO | MENU | MENU_SENT | Menú enviado: Menu Principal | SERVER | ID:70700176
[2025-07-27 18:22:27] INFO | CLIENT | OPTION_RECEIVED | Opción recibida: 3 | SERVER | ID:47364457
[2025-07-27 18:22:27] INFO | CLIENT | UPLOAD_REQUEST | Cliente solicitó subir archivo | SERVER | ID:46586673
[2025-07-27 18:22:29] INFO | FILE | RECEIVE_FILE_STARTED | Recetas.txt (18 bytes) | SERVER | ID:63216381
[2025-07-27 18:22:29] INFO | FILE | RECEIVE_FILE_COMPLETED | Recetas.txt recibido exitosamente | SERVER | ID:79427871
[2025-07-27 18:22:29] INFO | MENU | MENU_SENT | Menú enviado: Menu Principal | SERVER | ID:82348867
[2025-07-27 18:22:55] INFO | CLIENT | OPTION_RECEIVED | Opción recibida: 4 | SERVER | ID:10126714
[2025-07-27 18:23:22] INFO | SERVER | SHUTDOWN | ServerSocket cerrado exitosamente | SERVER | ID:95375762
[2025-07-27 18:23:22] DEBUG | CONSOLE | THREAD_ENDED | Hilo de monitoreo terminado | SERVER | ID:17934652
[2025-07-27 18:39:04] INFO | SERVER | HOST_RESOLVE | Host: 192.168.0.2 | SERVER | ID:13422237
[2025-07-27 18:39:04] INFO | SERVER | SOCKET_CREATED | ServerSocket creado en puerto: 8080 | SERVER | ID:07234172
[2025-07-27 18:39:04] INFO | SERVER | STARTED | Servidor activo en 192.168.0.2:8080 | SERVER | ID:94400327
[2025-07-27 18:39:04] INFO | CONSOLE | THREAD_STARTED | Hilo de monitoreo iniciado | SERVER | ID:46594336
[2025-07-27 18:39:05] INFO | CLIENT | CONNECTION_ACCEPTED | /127.0.0.1:58771 | /127.0.0.1 | ID:80476789
[2025-07-27 18:39:05] DEBUG | SYSTEM | THREAD_CREATED | Hilo virtual para: /127.0.0.1:58771 | SERVER | ID:19076225
[2025-07-27 18:39:05] INFO | MENU | MENU_SENT | Menú enviado: Menu Principal | SERVER | ID:82525521
[2025-07-27 18:39:06] INFO | CLIENT | OPTION_RECEIVED | Opción recibida: 1 | SERVER | ID:81189879
[2025-07-27 18:39:06] INFO | MENU | MENU_SENT | Menú enviado: Archivos Disponibles | SERVER | ID:36707771
[2025-07-27 18:39:06] INFO | FILE | LIST_SENT | 4 archivos enviados | SERVER | ID:03472478
[2025-07-27 18:39:06] INFO | MENU | MENU_SENT | Menú enviado: Menu Principal | SERVER | ID:66606180
[2025-07-27 18:39:31] INFO | CLIENT | OPTION_RECEIVED | Opción recibida: 1 | SERVER | ID:15807827
[2025-07-27 18:39:31] INFO | MENU | MENU_SENT | Menú enviado: Archivos Disponibles | SERVER | ID:17512819
[2025-07-27 18:39:31] INFO | FILE | LIST_SENT | 5 archivos enviados | SERVER | ID:50549508
[2025-07-27 18:39:31] INFO | MENU | MENU_SENT | Menú enviado: Menu Principal | SERVER | ID:91623324
[2025-07-27 18:39:39] INFO | CLIENT | OPTION_RECEIVED | Opción recibida: 6 | SERVER | ID:26911762
[2025-07-27 18:39:39] INFO | MENU | MENU_SENT | Menú enviado: Menu Principal | SERVER | ID:88535034
[2025-07-27 18:39:43] INFO | CLIENT | OPTION_RECEIVED | Opción recibida: 1 | SERVER | ID:24470914
[2025-07-27 18:39:43] INFO | MENU | MENU_SENT | Menú enviado: Archivos Disponibles | SERVER | ID:20480408
[2025-07-27 18:39:43] INFO | FILE | LIST_SENT | 5 archivos enviados | SERVER | ID:70098726
[2025-07-27 18:39:43] INFO | MENU | MENU_SENT | Menú enviado: Menu Principal | SERVER | ID:12886373
[2025-07-27 18:41:17] INFO | CLIENT | OPTION_RECEIVED | Opción recibida: 2 | SERVER | ID:71078810
[2025-07-27 18:41:17] INFO | MENU | MENU_SENT | Menú enviado: Archivos Disponibles para Descargar | SERVER | ID:29258950
[2025-07-27 18:41:20] INFO | CLIENT | OPTION_RECEIVED | Opción recibida: 6 | SERVER | ID:92170826
[2025-07-27 18:41:20] INFO | CLIENT | RETURNED_TO_MENU | Cliente regresó al menú | SERVER | ID:71141453
[2025-07-27 18:41:20] INFO | MENU | MENU_SENT | Menú enviado: Menu Principal | SERVER | ID:41286993
[2025-07-27 18:41:27] INFO | CLIENT | OPTION_RECEIVED | Opción recibida: 2 | SERVER | ID:65583393
[2025-07-27 18:41:27] INFO | MENU | MENU_SENT | Menú enviado: Archivos Disponibles para Descargar | SERVER | ID:09726826
[2025-07-27 18:41:29] INFO | CLIENT | OPTION_RECEIVED | Opción recibida: 6 | SERVER | ID:39899251
[2025-07-27 18:41:29] INFO | CLIENT | RETURNED_TO_MENU | Cliente regresó al menú | SERVER | ID:13909036
[2025-07-27 18:41:29] INFO | MENU | MENU_SENT | Menú enviado: Menu Principal | SERVER | ID:22055209
[2025-07-27 18:47:31] INFO | SERVER | SHUTDOWN | ServerSocket cerrado exitosamente | SERVER | ID:49510014
[2025-07-27 18:47:31] DEBUG | CONSOLE | THREAD_ENDED | Hilo de monitoreo terminado | SERVER | ID:68234065
[2025-07-27 18:47:33] INFO | SERVER | HOST_RESOLVE | Host: 192.168.0.2 | SERVER | ID:85167879
[2025-07-27 18:47:33] INFO | SERVER | SOCKET_CREATED | ServerSocket creado en puerto: 8080 | SERVER | ID:81840898
[2025-07-27 18:47:33] INFO | SERVER | STARTED | Servidor activo en 192.168.0.2:8080 | SERVER | ID:81937347
[2025-07-27 18:47:33] INFO | CONSOLE | THREAD_STARTED | Hilo de monitoreo iniciado | SERVER | ID:37936976
[2025-07-27 18:47:36] INFO | CLIENT | CONNECTION_ACCEPTED | /127.0.0.1:58835 | /127.0.0.1 | ID:64419174
[2025-07-27 18:47:36] DEBUG | SYSTEM | THREAD_CREATED | Hilo virtual para: /127.0.0.1:58835 | SERVER | ID:83074535
[2025-07-27 18:47:36] INFO | MENU | MENU_SENT | Menú enviado: Menu Principal | SERVER | ID:07831339
[2025-07-27 18:47:37] INFO | CLIENT | OPTION_RECEIVED | Opción recibida: 1 | SERVER | ID:28794981
[2025-07-27 18:47:37] INFO | MENU | MENU_SENT | Menú enviado: Archivos Disponibles | SERVER | ID:75887483
[2025-07-27 18:47:37] INFO | FILE | LIST_SENT | 5 archivos enviados | SERVER | ID:99224173
[2025-07-27 18:47:37] INFO | MENU | MENU_SENT | Menú enviado: Menu Principal | SERVER | ID:54022584
[2025-07-27 18:47:40] INFO | CLIENT | OPTION_RECEIVED | Opción recibida: 2 | SERVER | ID:97642550
[2025-07-27 18:47:40] INFO | MENU | MENU_SENT | Menú enviado: Archivos Disponibles para Descargar | SERVER | ID:43947055
[2025-07-27 18:47:43] INFO | CLIENT | OPTION_RECEIVED | Opción recibida: 1 | SERVER | ID:48557066
[2025-07-27 18:47:43] INFO | FILE | FILE_SELECTED | Complementos.txt desde FILES | SERVER | ID:77401379
[2025-07-27 18:47:43] INFO | FILE | SEND_FILE_STARTED | Complementos.txt | SERVER | ID:43597253
[2025-07-27 18:47:43] ERROR | FILE | SEND_FILE_ERROR | Complementos.txt - No enum constant com.fileserver.utils.FileManager.Directory.c:\Users\Andoni\Dev\Java\FileServer\src\main\resources\server\Files | SERVER | ID:18489602
[2025-07-27 18:48:11] INFO | SERVER | SHUTDOWN | ServerSocket cerrado exitosamente | SERVER | ID:23612554
[2025-07-27 18:48:11] DEBUG | CONSOLE | THREAD_ENDED | Hilo de monitoreo terminado | SERVER | ID:36100236
[2025-07-27 18:48:57] INFO | SERVER | HOST_RESOLVE | Host: 192.168.0.2 | SERVER | ID:15598878
[2025-07-27 18:48:57] INFO | SERVER | SOCKET_CREATED | ServerSocket creado en puerto: 8080 | SERVER | ID:38629418
[2025-07-27 18:48:57] INFO | SERVER | STARTED | Servidor activo en 192.168.0.2:8080 | SERVER | ID:06970936
[2025-07-27 18:48:57] INFO | CONSOLE | THREAD_STARTED | Hilo de monitoreo iniciado | SERVER | ID:15710935
[2025-07-27 18:49:00] INFO | CLIENT | CONNECTION_ACCEPTED | /127.0.0.1:58840 | /127.0.0.1 | ID:66941485
[2025-07-27 18:49:00] DEBUG | SYSTEM | THREAD_CREATED | Hilo virtual para: /127.0.0.1:58840 | SERVER | ID:19993410
[2025-07-27 18:49:00] INFO | MENU | MENU_SENT | Menú enviado: Menu Principal | SERVER | ID:33516175
[2025-07-27 18:49:01] INFO | CLIENT | OPTION_RECEIVED | Opción recibida: 2 | SERVER | ID:12881510
[2025-07-27 18:49:01] INFO | MENU | MENU_SENT | Menú enviado: Archivos Disponibles para Descargar | SERVER | ID:50651141
[2025-07-27 18:49:02] INFO | CLIENT | OPTION_RECEIVED | Opción recibida: 1 | SERVER | ID:03670032
[2025-07-27 18:49:02] INFO | FILE | FILE_SELECTED | Complementos.txt desde FILES | SERVER | ID:68887196
[2025-07-27 18:49:02] INFO | FILE | SEND_FILE_STARTED | Complementos.txt | SERVER | ID:66455186
[2025-07-27 18:49:02] ERROR | FILE | SEND_FILE_ERROR | Complementos.txt - No enum constant com.fileserver.utils.FileManager.Directory.c:\Users\Andoni\Dev\Java\FileServer\src\main\resources\server\Files | SERVER | ID:05530871
[2025-07-27 18:52:47] INFO | SERVER | SHUTDOWN | ServerSocket cerrado exitosamente | SERVER | ID:43027425
[2025-07-27 18:52:47] DEBUG | CONSOLE | THREAD_ENDED | Hilo de monitoreo terminado | SERVER | ID:00492204
[2025-07-27 18:52:49] INFO | SERVER | HOST_RESOLVE | Host: 192.168.0.2 | SERVER | ID:47224683
[2025-07-27 18:52:49] INFO | SERVER | SOCKET_CREATED | ServerSocket creado en puerto: 8080 | SERVER | ID:29290806
[2025-07-27 18:52:49] INFO | SERVER | STARTED | Servidor activo en 192.168.0.2:8080 | SERVER | ID:73504631
[2025-07-27 18:52:49] INFO | CONSOLE | THREAD_STARTED | Hilo de monitoreo iniciado | SERVER | ID:88706500
[2025-07-27 18:52:52] INFO | CLIENT | CONNECTION_ACCEPTED | /127.0.0.1:58889 | /127.0.0.1 | ID:83794407
[2025-07-27 18:52:52] DEBUG | SYSTEM | THREAD_CREATED | Hilo virtual para: /127.0.0.1:58889 | SERVER | ID:75205419
[2025-07-27 18:52:52] INFO | MENU | MENU_SENT | Menú enviado: Menu Principal | SERVER | ID:24086093
[2025-07-27 18:52:53] INFO | CLIENT | OPTION_RECEIVED | Opción recibida: 2 | SERVER | ID:69959218
[2025-07-27 18:52:53] INFO | MENU | MENU_SENT | Menú enviado: Archivos Disponibles para Descargar | SERVER | ID:38622942
[2025-07-27 18:52:54] INFO | CLIENT | OPTION_RECEIVED | Opción recibida: 1 | SERVER | ID:62951419
[2025-07-27 18:52:54] INFO | FILE | FILE_SELECTED | Complementos.txt desde FILES | SERVER | ID:16958870
[2025-07-27 18:52:54] INFO | FILE | SEND_FILE_STARTED | Complementos.txt | SERVER | ID:23172806
[2025-07-27 18:52:54] ERROR | FILE | SEND_FILE_ERROR | Complementos.txt - No enum constant com.fileserver.utils.FileManager.Directory.Files | SERVER | ID:45580343
[2025-07-27 18:53:15] INFO | SERVER | SHUTDOWN | ServerSocket cerrado exitosamente | SERVER | ID:77461119
[2025-07-27 18:53:15] DEBUG | CONSOLE | THREAD_ENDED | Hilo de monitoreo terminado | SERVER | ID:37404387
[2025-07-27 18:53:17] INFO | SERVER | HOST_RESOLVE | Host: 192.168.0.2 | SERVER | ID:54906350
[2025-07-27 18:53:17] INFO | SERVER | SOCKET_CREATED | ServerSocket creado en puerto: 8080 | SERVER | ID:30796463
[2025-07-27 18:53:17] INFO | SERVER | STARTED | Servidor activo en 192.168.0.2:8080 | SERVER | ID:24797076
[2025-07-27 18:53:17] INFO | CONSOLE | THREAD_STARTED | Hilo de monitoreo iniciado | SERVER | ID:07337105
[2025-07-27 18:53:18] INFO | CLIENT | CONNECTION_ACCEPTED | /127.0.0.1:58894 | /127.0.0.1 | ID:09147922
[2025-07-27 18:53:18] DEBUG | SYSTEM | THREAD_CREATED | Hilo virtual para: /127.0.0.1:58894 | SERVER | ID:20297444
[2025-07-27 18:53:18] INFO | MENU | MENU_SENT | Menú enviado: Menu Principal | SERVER | ID:90929777
[2025-07-27 18:53:19] INFO | CLIENT | OPTION_RECEIVED | Opción recibida: 2 | SERVER | ID:55031611
[2025-07-27 18:53:19] INFO | MENU | MENU_SENT | Menú enviado: Archivos Disponibles para Descargar | SERVER | ID:46602631
[2025-07-27 18:53:20] INFO | CLIENT | OPTION_RECEIVED | Opción recibida: 1 | SERVER | ID:91561337
[2025-07-27 18:53:20] INFO | FILE | FILE_SELECTED | Complementos.txt desde FILES | SERVER | ID:71048857
[2025-07-27 18:53:20] INFO | FILE | SEND_FILE_STARTED | Complementos.txt | SERVER | ID:99822103
[2025-07-27 18:53:20] ERROR | FILE | SEND_FILE_ERROR | Complementos.txt - No enum constant com.fileserver.utils.FileManager.Directory.Files | SERVER | ID:01542331
[2025-07-27 18:55:06] INFO | SERVER | SHUTDOWN | ServerSocket cerrado exitosamente | SERVER | ID:48385111
[2025-07-27 18:55:06] DEBUG | CONSOLE | THREAD_ENDED | Hilo de monitoreo terminado | SERVER | ID:63694696
[2025-07-27 18:55:08] INFO | SERVER | HOST_RESOLVE | Host: 192.168.0.2 | SERVER | ID:86522039
[2025-07-27 18:55:08] INFO | SERVER | SOCKET_CREATED | ServerSocket creado en puerto: 8080 | SERVER | ID:81368620
[2025-07-27 18:55:08] INFO | SERVER | STARTED | Servidor activo en 192.168.0.2:8080 | SERVER | ID:06621967
[2025-07-27 18:55:08] INFO | CONSOLE | THREAD_STARTED | Hilo de monitoreo iniciado | SERVER | ID:08160788
[2025-07-27 18:55:09] INFO | CLIENT | CONNECTION_ACCEPTED | /127.0.0.1:58905 | /127.0.0.1 | ID:84426942
[2025-07-27 18:55:09] DEBUG | SYSTEM | THREAD_CREATED | Hilo virtual para: /127.0.0.1:58905 | SERVER | ID:52295102
[2025-07-27 18:55:09] INFO | MENU | MENU_SENT | Menú enviado: Menu Principal | SERVER | ID:67817648
[2025-07-27 18:55:10] INFO | CLIENT | OPTION_RECEIVED | Opción recibida: 2 | SERVER | ID:41131198
[2025-07-27 18:55:10] INFO | MENU | MENU_SENT | Menú enviado: Archivos Disponibles para Descargar | SERVER | ID:27153932
[2025-07-27 18:55:10] INFO | CLIENT | OPTION_RECEIVED | Opción recibida: 1 | SERVER | ID:00689436
[2025-07-27 18:55:10] INFO | FILE | FILE_SELECTED | Complementos.txt desde FILES | SERVER | ID:25005353
[2025-07-27 18:55:10] INFO | FILE | SEND_FILE_STARTED | Complementos.txt | SERVER | ID:34301806
[2025-07-27 18:55:10] INFO | FILE | SEND_FILE_COMPLETED | Complementos.txt enviado exitosamente | SERVER | ID:17255316
[2025-07-27 18:55:10] INFO | MENU | MENU_SENT | Menú enviado: Menu Principal | SERVER | ID:78425923
[2025-07-27 18:56:13] INFO | CLIENT | OPTION_RECEIVED | Opción recibida: 4 | SERVER | ID:17437299
[2025-07-27 18:56:14] INFO | CLIENT | CONNECTION_ACCEPTED | /127.0.0.1:58918 | /127.0.0.1 | ID:43922222
[2025-07-27 18:56:14] DEBUG | SYSTEM | THREAD_CREATED | Hilo virtual para: /127.0.0.1:58918 | SERVER | ID:89634459
[2025-07-27 18:56:14] INFO | MENU | MENU_SENT | Menú enviado: Menu Principal | SERVER | ID:72449273
[2025-07-27 18:56:15] INFO | CLIENT | OPTION_RECEIVED | Opción recibida: 2 | SERVER | ID:78325482
[2025-07-27 18:56:15] INFO | MENU | MENU_SENT | Menú enviado: Archivos Disponibles para Descargar | SERVER | ID:89544735
[2025-07-27 18:56:18] INFO | CLIENT | OPTION_RECEIVED | Opción recibida: 5 | SERVER | ID:33961688
[2025-07-27 18:56:18] INFO | FILE | FILE_SELECTED | NuevoArchico.txt desde DOWNLOADS | SERVER | ID:17887645
[2025-07-27 18:56:18] INFO | FILE | SEND_FILE_STARTED | NuevoArchico.txt | SERVER | ID:44426450
[2025-07-27 18:56:18] INFO | FILE | SEND_FILE_COMPLETED | NuevoArchico.txt enviado exitosamente | SERVER | ID:59744323
[2025-07-27 18:56:18] INFO | MENU | MENU_SENT | Menú enviado: Menu Principal | SERVER | ID:60989931
[2025-07-27 18:56:48] INFO | CLIENT | OPTION_RECEIVED | Opción recibida: 4 | SERVER | ID:92553179
[2025-07-27 18:56:49] INFO | CLIENT | CONNECTION_ACCEPTED | /127.0.0.1:58920 | /127.0.0.1 | ID:86832210
[2025-07-27 18:56:49] DEBUG | SYSTEM | THREAD_CREATED | Hilo virtual para: /127.0.0.1:58920 | SERVER | ID:50642992
[2025-07-27 18:56:49] INFO | MENU | MENU_SENT | Menú enviado: Menu Principal | SERVER | ID:39529499
[2025-07-27 18:56:50] INFO | CLIENT | OPTION_RECEIVED | Opción recibida: 2 | SERVER | ID:08222373
[2025-07-27 18:56:50] INFO | MENU | MENU_SENT | Menú enviado: Archivos Disponibles para Descargar | SERVER | ID:73708879
[2025-07-27 18:56:53] INFO | CLIENT | OPTION_RECEIVED | Opción recibida: 4 | SERVER | ID:82753361
[2025-07-27 18:56:53] INFO | FILE | FILE_SELECTED | Temporal.txt desde FILES | SERVER | ID:53340044
[2025-07-27 18:56:53] INFO | FILE | SEND_FILE_STARTED | Temporal.txt | SERVER | ID:93281764
[2025-07-27 18:56:53] INFO | FILE | SEND_FILE_COMPLETED | Temporal.txt enviado exitosamente | SERVER | ID:85786321
[2025-07-27 18:56:53] INFO | MENU | MENU_SENT | Menú enviado: Menu Principal | SERVER | ID:10845437
[2025-07-27 18:57:04] INFO | CLIENT | OPTION_RECEIVED | Opción recibida: 4 | SERVER | ID:49862053
[2025-07-27 18:57:06] INFO | CLIENT | CONNECTION_ACCEPTED | /127.0.0.1:58921 | /127.0.0.1 | ID:92347111
[2025-07-27 18:57:06] DEBUG | SYSTEM | THREAD_CREATED | Hilo virtual para: /127.0.0.1:58921 | SERVER | ID:09572559
[2025-07-27 18:57:06] INFO | MENU | MENU_SENT | Menú enviado: Menu Principal | SERVER | ID:67610670
[2025-07-27 18:57:08] INFO | CLIENT | OPTION_RECEIVED | Opción recibida: 3 | SERVER | ID:74342842
[2025-07-27 18:57:08] INFO | CLIENT | UPLOAD_REQUEST | Cliente solicitó subir archivo | SERVER | ID:49710101
[2025-07-27 18:57:08] INFO | CLIENT | NO_FILES_TO_UPLOAD | Cliente sin archivos | SERVER | ID:55022289
[2025-07-27 18:57:08] INFO | MENU | MENU_SENT | Menú enviado: Menu Principal | SERVER | ID:38411350
[2025-07-27 18:57:11] INFO | CLIENT | OPTION_RECEIVED | Opción recibida: 4 | SERVER | ID:50410882
[2025-07-27 19:00:58] INFO | SERVER | SHUTDOWN | ServerSocket cerrado exitosamente | SERVER | ID:39471630
[2025-07-27 19:00:58] DEBUG | CONSOLE | THREAD_ENDED | Hilo de monitoreo terminado | SERVER | ID:42446351
[2025-07-27 19:01:01] INFO | SERVER | HOST_RESOLVE | Host: 192.168.0.2 | SERVER | ID:87886313
[2025-07-27 19:01:01] INFO | SERVER | SOCKET_CREATED | ServerSocket creado en puerto: 8080 | SERVER | ID:65196561
[2025-07-27 19:01:01] INFO | SERVER | STARTED | Servidor activo en 192.168.0.2:8080 | SERVER | ID:78482594
[2025-07-27 19:01:01] INFO | CONSOLE | THREAD_STARTED | Hilo de monitoreo iniciado | SERVER | ID:66938116
[2025-07-27 19:01:02] INFO | CLIENT | CONNECTION_ACCEPTED | /127.0.0.1:58960 | /127.0.0.1 | ID:39307376
[2025-07-27 19:01:02] DEBUG | SYSTEM | THREAD_CREATED | Hilo virtual para: /127.0.0.1:58960 | SERVER | ID:72487122
[2025-07-27 19:01:02] INFO | MENU | MENU_SENT | Menú enviado: Menu Principal | SERVER | ID:26850572
[2025-07-27 19:01:03] INFO | CLIENT | OPTION_RECEIVED | Opción recibida: 3 | SERVER | ID:43166536
[2025-07-27 19:01:03] INFO | CLIENT | UPLOAD_REQUEST | Cliente solicitó subir archivo | SERVER | ID:53768293
[2025-07-27 19:01:19] INFO | FILE | RECEIVE_FILE_STARTED | Complementos.txt (25 bytes) | SERVER | ID:84604327
[2025-07-27 19:01:19] INFO | FILE | RECEIVE_FILE_COMPLETED | Complementos.txt recibido exitosamente | SERVER | ID:83956807
[2025-07-27 19:01:19] INFO | MENU | MENU_SENT | Menú enviado: Menu Principal | SERVER | ID:99397027
[2025-07-27 19:01:23] INFO | CLIENT | OPTION_RECEIVED | Opción recibida: 1 | SERVER | ID:64026967
[2025-07-27 19:01:23] INFO | MENU | MENU_SENT | Menú enviado: Archivos Disponibles | SERVER | ID:76827461
[2025-07-27 19:01:23] INFO | FILE | LIST_SENT | 6 archivos enviados | SERVER | ID:04952750
[2025-07-27 19:01:23] INFO | MENU | MENU_SENT | Menú enviado: Menu Principal | SERVER | ID:74656704
[2025-07-27 19:01:29] INFO | CLIENT | OPTION_RECEIVED | Opción recibida: 4 | SERVER | ID:15625019
[2025-07-27 19:01:33] INFO | SERVER | SHUTDOWN | ServerSocket cerrado exitosamente | SERVER | ID:98140466
[2025-07-27 19:01:33] DEBUG | CONSOLE | THREAD_ENDED | Hilo de monitoreo terminado | SERVER | ID:59112267
[2025-07-27 19:09:55] INFO | SERVER | HOST_RESOLVE | Host: 192.168.0.2 | SERVER | ID:07308566
[2025-07-27 19:09:55] INFO | SERVER | SOCKET_CREATED | ServerSocket creado en puerto: 8080 | SERVER | ID:17736501
[2025-07-27 19:09:55] INFO | SERVER | STARTED | Servidor activo en 192.168.0.2:8080 | SERVER | ID:93357864
[2025-07-27 19:09:55] INFO | CONSOLE | THREAD_STARTED | Hilo de monitoreo iniciado | SERVER | ID:96514377
[2025-07-27 19:09:57] INFO | CLIENT | CONNECTION_ACCEPTED | /127.0.0.1:59142 | /127.0.0.1 | ID:59720853
[2025-07-27 19:09:57] DEBUG | SYSTEM | THREAD_CREATED | Hilo virtual para: /127.0.0.1:59142 | SERVER | ID:41099071
[2025-07-27 19:09:57] INFO | CLIENT | SESSION_STARTED | Sesión iniciada para: /127.0.0.1:59142 | /127.0.0.1 | ID:73949333
[2025-07-27 19:09:57] DEBUG | CLIENT | REQUEST_MANAGER_CREATED | RequestManager y ServerRequestHandler creados | /127.0.0.1:59142 | ID:71777312
[2025-07-27 19:09:57] INFO | MENU | MENU_SENT | Menú enviado: Menu Principal | SERVER | ID:40731935
[2025-07-27 19:10:17] INFO | CLIENT | OPTION_RECEIVED | Opción recibida: 4 | SERVER | ID:85485169
[2025-07-27 19:10:17] DEBUG | CLIENT | MENU_OPTION_PROCESSING | Procesando opción: 4 | /127.0.0.1:59142 | ID:78127285
[2025-07-27 19:10:17] INFO | CLIENT | EXIT_REQUEST | Cliente solicitó salir | /127.0.0.1:59142 | ID:07842519
[2025-07-27 19:10:17] INFO | CLIENT | SESSION_ENDING | Finalizando sesión para: /127.0.0.1:59142 | /127.0.0.1 | ID:90044812
[2025-07-27 19:10:17] DEBUG | CLIENT | CLEANUP_STARTED | Iniciando limpieza de recursos | /127.0.0.1:59142 | ID:92603951
[2025-07-27 19:10:17] INFO | CLIENT | DISCONNECTED | Cliente desconectado exitosamente | /127.0.0.1 | ID:72890549
[2025-07-27 19:13:48] INFO | SERVER | SHUTDOWN | ServerSocket cerrado exitosamente | SERVER | ID:93758321
[2025-07-27 19:13:48] DEBUG | CONSOLE | THREAD_ENDED | Hilo de monitoreo terminado | SERVER | ID:79973124
[2025-07-27 19:13:49] INFO | SERVER | HOST_RESOLVE | Host: 192.168.0.2 | SERVER | ID:41673159
[2025-07-27 19:13:49] INFO | SERVER | SOCKET_CREATED | ServerSocket creado en puerto: 8080 | SERVER | ID:59204860
[2025-07-27 19:13:49] INFO | SERVER | STARTED | Servidor activo en 192.168.0.2:8080 | SERVER | ID:85132182
[2025-07-27 19:13:49] INFO | CONSOLE | THREAD_STARTED | Hilo de monitoreo iniciado | SERVER | ID:33475379
[2025-07-27 19:13:53] INFO | CLIENT | CONNECTION_ACCEPTED | /127.0.0.1:59197 | /127.0.0.1 | ID:01688142
[2025-07-27 19:13:53] DEBUG | SYSTEM | THREAD_CREATED | Hilo virtual para: /127.0.0.1:59197 | SERVER | ID:62371612
[2025-07-27 19:13:53] INFO | CLIENT | SESSION_STARTED | Sesión iniciada para: /127.0.0.1:59197 | /127.0.0.1 | ID:79072627
[2025-07-27 19:13:53] DEBUG | CLIENT | REQUEST_MANAGER_CREATED | RequestManager y ServerRequestHandler creados | /127.0.0.1:59197 | ID:95799701
[2025-07-27 19:13:53] INFO | MENU | MENU_SENT | Menú enviado: Menu Principal | SERVER | ID:52934425
[2025-07-27 19:13:54] INFO | CLIENT | OPTION_RECEIVED | Opción recibida: 1 | SERVER | ID:22417261
[2025-07-27 19:13:54] DEBUG | CLIENT | MENU_OPTION_PROCESSING | Procesando opción: 1 | /127.0.0.1:59197 | ID:38373072
[2025-07-27 19:13:54] INFO | CLIENT | LIST_FILES_REQUEST | Cliente solicitó listar archivos | /127.0.0.1:59197 | ID:46261005
[2025-07-27 19:13:54] INFO | MENU | MENU_SENT | Menú enviado: Archivos Disponibles | SERVER | ID:96380380
[2025-07-27 19:13:54] INFO | FILE | LIST_SENT | 6 archivos enviados | SERVER | ID:22997016
[2025-07-27 19:13:54] INFO | MENU | MENU_SENT | Menú enviado: Menu Principal | SERVER | ID:39093093
[2025-07-27 19:14:00] INFO | CLIENT | OPTION_RECEIVED | Opción recibida: 2 | SERVER | ID:95000881
[2025-07-27 19:14:00] DEBUG | CLIENT | MENU_OPTION_PROCESSING | Procesando opción: 2 | /127.0.0.1:59197 | ID:73290487
[2025-07-27 19:14:00] INFO | CLIENT | DOWNLOAD_REQUEST | Cliente solicitó descargar archivo | /127.0.0.1:59197 | ID:15260138
[2025-07-27 19:14:00] INFO | MENU | MENU_SENT | Menú enviado: Archivos Disponibles para Descargar | SERVER | ID:91005797
[2025-07-27 19:14:20] INFO | CLIENT | OPTION_RECEIVED | Opción recibida: 7 | SERVER | ID:73802758
[2025-07-27 19:14:20] INFO | CLIENT | RETURNED_TO_MENU | Cliente regresó al menú | SERVER | ID:74243653
[2025-07-27 19:14:20] INFO | MENU | MENU_SENT | Menú enviado: Menu Principal | SERVER | ID:73436295
[2025-07-27 19:15:12] INFO | CLIENT | OPTION_RECEIVED | Opción recibida: 2 | SERVER | ID:44626220
[2025-07-27 19:15:12] DEBUG | CLIENT | MENU_OPTION_PROCESSING | Procesando opción: 2 | /127.0.0.1:59197 | ID:83562607
[2025-07-27 19:15:12] INFO | CLIENT | DOWNLOAD_REQUEST | Cliente solicitó descargar archivo | /127.0.0.1:59197 | ID:54721769
[2025-07-27 19:15:12] INFO | MENU | MENU_SENT | Menú enviado: Archivos Disponibles para Descargar | SERVER | ID:98709347
[2025-07-27 19:15:36] INFO | CLIENT | OPTION_RECEIVED | Opción recibida: 6 | SERVER | ID:14292387
[2025-07-27 19:15:36] INFO | FILE | FILE_SELECTED | NuevoArchico.txt desde DOWNLOADS | SERVER | ID:85470163
[2025-07-27 19:15:36] INFO | FILE | SEND_FILE_STARTED | NuevoArchico.txt | SERVER | ID:09657658
[2025-07-27 19:15:36] INFO | FILE | SEND_FILE_COMPLETED | NuevoArchico.txt enviado exitosamente | SERVER | ID:90165412
[2025-07-27 19:15:36] INFO | MENU | MENU_SENT | Menú enviado: Menu Principal | SERVER | ID:45251366
[2025-07-27 19:16:00] INFO | CLIENT | OPTION_RECEIVED | Opción recibida: 2 | SERVER | ID:43153426
[2025-07-27 19:16:00] DEBUG | CLIENT | MENU_OPTION_PROCESSING | Procesando opción: 2 | /127.0.0.1:59197 | ID:40141567
[2025-07-27 19:16:00] INFO | CLIENT | DOWNLOAD_REQUEST | Cliente solicitó descargar archivo | /127.0.0.1:59197 | ID:92803333
[2025-07-27 19:16:00] INFO | MENU | MENU_SENT | Menú enviado: Archivos Disponibles para Descargar | SERVER | ID:69663978
[2025-07-27 19:16:02] INFO | CLIENT | OPTION_RECEIVED | Opción recibida: 10000 | SERVER | ID:03010234
[2025-07-27 19:16:02] WARN | CLIENT | INVALID_CHOICE | Opción inválida: 10000 | SERVER | ID:05791802
[2025-07-27 19:16:02] INFO | MENU | MENU_SENT | Menú enviado: Archivos Disponibles para Descargar | SERVER | ID:31098357
[2025-07-27 19:16:07] INFO | CLIENT | OPTION_RECEIVED | Opción recibida: 20000 | SERVER | ID:86849662
[2025-07-27 19:16:07] WARN | CLIENT | INVALID_CHOICE | Opción inválida: 20000 | SERVER | ID:59156250
[2025-07-27 19:16:07] INFO | MENU | MENU_SENT | Menú enviado: Archivos Disponibles para Descargar | SERVER | ID:33862927
[2025-07-27 19:16:11] INFO | CLIENT | OPTION_RECEIVED | Opción recibida: -100 | SERVER | ID:57617598
[2025-07-27 19:16:11] WARN | CLIENT | INVALID_CHOICE | Opción inválida: -100 | SERVER | ID:13503244
[2025-07-27 19:16:11] INFO | MENU | MENU_SENT | Menú enviado: Archivos Disponibles para Descargar | SERVER | ID:53532963
[2025-07-27 19:16:18] INFO | CLIENT | OPTION_RECEIVED | Opción recibida: 1111 | SERVER | ID:90148512
[2025-07-27 19:16:18] WARN | CLIENT | INVALID_CHOICE | Opción inválida: 1111 | SERVER | ID:39681342
[2025-07-27 19:16:18] INFO | MENU | MENU_SENT | Menú enviado: Archivos Disponibles para Descargar | SERVER | ID:96213753
[2025-07-27 19:16:21] INFO | CLIENT | OPTION_RECEIVED | Opción recibida: 8 | SERVER | ID:27711487
[2025-07-27 19:16:21] WARN | CLIENT | INVALID_CHOICE | Opción inválida: 8 | SERVER | ID:87943087
[2025-07-27 19:16:21] INFO | MENU | MENU_SENT | Menú enviado: Archivos Disponibles para Descargar | SERVER | ID:39956311
[2025-07-27 19:16:23] INFO | CLIENT | OPTION_RECEIVED | Opción recibida: 7 | SERVER | ID:13256359
[2025-07-27 19:16:23] INFO | CLIENT | RETURNED_TO_MENU | Cliente regresó al menú | SERVER | ID:04194373
[2025-07-27 19:16:23] INFO | MENU | MENU_SENT | Menú enviado: Menu Principal | SERVER | ID:34743620
[2025-07-27 19:17:05] INFO | CLIENT | OPTION_RECEIVED | Opción recibida: 9 | SERVER | ID:47660789
[2025-07-27 19:17:05] DEBUG | CLIENT | MENU_OPTION_PROCESSING | Procesando opción: 9 | /127.0.0.1:59197 | ID:54081488
[2025-07-27 19:17:05] WARN | CLIENT | INVALID_OPTION | Opción inválida: 9 | /127.0.0.1:59197 | ID:87028423
[2025-07-27 19:17:05] INFO | MENU | MENU_SENT | Menú enviado: Menu Principal | SERVER | ID:13361261
[2025-07-27 19:17:18] INFO | CLIENT | OPTION_RECEIVED | Opción recibida: 3 | SERVER | ID:60770185
[2025-07-27 19:17:18] DEBUG | CLIENT | MENU_OPTION_PROCESSING | Procesando opción: 3 | /127.0.0.1:59197 | ID:90487676
[2025-07-27 19:17:18] INFO | CLIENT | UPLOAD_REQUEST | Cliente solicitó subir archivo | /127.0.0.1:59197 | ID:86474406
[2025-07-27 19:17:18] INFO | CLIENT | UPLOAD_REQUEST | Cliente solicitó subir archivo | SERVER | ID:02654842
[2025-07-27 19:17:23] INFO | FILE | RECEIVE_FILE_STARTED | NuevoArchico_20250727_191536.txt (0 bytes) | SERVER | ID:40467117
[2025-07-27 19:17:23] INFO | FILE | RECEIVE_FILE_COMPLETED | NuevoArchico_20250727_191536.txt recibido exitosamente | SERVER | ID:14671550
[2025-07-27 19:17:23] INFO | MENU | MENU_SENT | Menú enviado: Menu Principal | SERVER | ID:89481451
[2025-07-27 19:17:40] INFO | CLIENT | OPTION_RECEIVED | Opción recibida: 3 | SERVER | ID:13037285
[2025-07-27 19:17:40] DEBUG | CLIENT | MENU_OPTION_PROCESSING | Procesando opción: 3 | /127.0.0.1:59197 | ID:18671614
[2025-07-27 19:17:40] INFO | CLIENT | UPLOAD_REQUEST | Cliente solicitó subir archivo | /127.0.0.1:59197 | ID:41804991
[2025-07-27 19:17:40] INFO | CLIENT | UPLOAD_REQUEST | Cliente solicitó subir archivo | SERVER | ID:40641545
[2025-07-27 19:17:42] INFO | FILE | RECEIVE_FILE_STARTED | NuevoArchico_20250727_191536.txt (0 bytes) | SERVER | ID:09308946
[2025-07-27 19:17:42] INFO | FILE | RECEIVE_FILE_COMPLETED | NuevoArchico_20250727_191536.txt recibido exitosamente | SERVER | ID:58310223
[2025-07-27 19:17:42] INFO | MENU | MENU_SENT | Menú enviado: Menu Principal | SERVER | ID:17422787
[2025-07-27 19:18:09] INFO | CLIENT | OPTION_RECEIVED | Opción recibida: 4 | SERVER | ID:81916634
[2025-07-27 19:18:09] DEBUG | CLIENT | MENU_OPTION_PROCESSING | Procesando opción: 4 | /127.0.0.1:59197 | ID:55310654
[2025-07-27 19:18:09] INFO | CLIENT | EXIT_REQUEST | Cliente solicitó salir | /127.0.0.1:59197 | ID:05375290
[2025-07-27 19:18:09] INFO | CLIENT | SESSION_ENDING | Finalizando sesión para: /127.0.0.1:59197 | /127.0.0.1 | ID:61542956
[2025-07-27 19:18:09] DEBUG | CLIENT | CLEANUP_STARTED | Iniciando limpieza de recursos | /127.0.0.1:59197 | ID:76958462
[2025-07-27 19:18:09] INFO | CLIENT | DISCONNECTED | Cliente desconectado exitosamente | /127.0.0.1 | ID:92952696
[2025-07-27 19:18:17] INFO | SERVER | SHUTDOWN | ServerSocket cerrado exitosamente | SERVER | ID:06170291
[2025-07-27 19:18:17] DEBUG | CONSOLE | THREAD_ENDED | Hilo de monitoreo terminado | SERVER | ID:62567230
[2025-07-27 19:45:13] INFO | SERVER | HOST_RESOLVE | Host: 192.168.0.2 | SERVER | ID:57909395
[2025-07-27 19:45:13] INFO | SERVER | SOCKET_CREATED | ServerSocket creado en puerto: 8080 | SERVER | ID:02554938
[2025-07-27 19:45:13] INFO | SERVER | STARTED | Servidor activo en 192.168.0.2:8080 | SERVER | ID:09753604
[2025-07-27 19:45:13] INFO | CONSOLE | THREAD_STARTED | Hilo de monitoreo iniciado | SERVER | ID:88086437
[2025-07-27 19:46:23] INFO | CLIENT | CONNECTION_ACCEPTED | /192.168.0.4:42432 | /192.168.0.4 | ID:37130513
[2025-07-27 19:46:23] DEBUG | SYSTEM | THREAD_CREATED | Hilo virtual para: /192.168.0.4:42432 | SERVER | ID:00650604
[2025-07-27 19:46:23] INFO | CLIENT | SESSION_STARTED | Sesión iniciada para: /192.168.0.4:42432 | /192.168.0.4 | ID:18396317
[2025-07-27 19:46:23] DEBUG | CLIENT | REQUEST_MANAGER_CREATED | RequestManager y ServerRequestHandler creados | /192.168.0.4:42432 | ID:05715270
[2025-07-27 19:46:23] INFO | MENU | MENU_SENT | Menú enviado: Menu Principal | SERVER | ID:93836115
[2025-07-27 19:46:46] INFO | CLIENT | OPTION_RECEIVED | Opción recibida: 1 | SERVER | ID:59115836
[2025-07-27 19:46:46] DEBUG | CLIENT | MENU_OPTION_PROCESSING | Procesando opción: 1 | /192.168.0.4:42432 | ID:19748556
[2025-07-27 19:46:46] INFO | CLIENT | LIST_FILES_REQUEST | Cliente solicitó listar archivos | /192.168.0.4:42432 | ID:26896021
[2025-07-27 19:46:46] INFO | MENU | MENU_SENT | Menú enviado: Archivos Disponibles | SERVER | ID:69462999
[2025-07-27 19:46:46] INFO | FILE | LIST_SENT | 4 archivos enviados | SERVER | ID:98534985
[2025-07-27 19:46:46] INFO | MENU | MENU_SENT | Menú enviado: Menu Principal | SERVER | ID:44422309
[2025-07-27 19:46:50] INFO | CLIENT | OPTION_RECEIVED | Opción recibida: 2 | SERVER | ID:88623191
[2025-07-27 19:46:50] DEBUG | CLIENT | MENU_OPTION_PROCESSING | Procesando opción: 2 | /192.168.0.4:42432 | ID:42618187
[2025-07-27 19:46:50] INFO | CLIENT | DOWNLOAD_REQUEST | Cliente solicitó descargar archivo | /192.168.0.4:42432 | ID:23121538
[2025-07-27 19:46:50] INFO | MENU | MENU_SENT | Menú enviado: Archivos Disponibles para Descargar | SERVER | ID:20155123
[2025-07-27 19:46:54] INFO | CLIENT | OPTION_RECEIVED | Opción recibida: 1 | SERVER | ID:83910197
[2025-07-27 19:46:54] INFO | FILE | FILE_SELECTED | Complementos.txt desde FILES | SERVER | ID:84353764
[2025-07-27 19:46:54] INFO | FILE | SEND_FILE_STARTED | Complementos.txt | SERVER | ID:12386291
[2025-07-27 19:46:54] INFO | FILE | SEND_FILE_COMPLETED | Complementos.txt enviado exitosamente | SERVER | ID:81597048
[2025-07-27 19:46:54] INFO | MENU | MENU_SENT | Menú enviado: Menu Principal | SERVER | ID:69183489
[2025-07-27 19:47:04] INFO | CLIENT | OPTION_RECEIVED | Opción recibida: 2 | SERVER | ID:92877848
[2025-07-27 19:47:04] DEBUG | CLIENT | MENU_OPTION_PROCESSING | Procesando opción: 2 | /192.168.0.4:42432 | ID:27665113
[2025-07-27 19:47:04] INFO | CLIENT | DOWNLOAD_REQUEST | Cliente solicitó descargar archivo | /192.168.0.4:42432 | ID:19885163
[2025-07-27 19:47:04] INFO | MENU | MENU_SENT | Menú enviado: Archivos Disponibles para Descargar | SERVER | ID:77785047
[2025-07-27 19:47:09] INFO | CLIENT | OPTION_RECEIVED | Opción recibida: 4 | SERVER | ID:20554835
[2025-07-27 19:47:09] INFO | FILE | FILE_SELECTED | Temporal.txt desde FILES | SERVER | ID:07344404
[2025-07-27 19:47:09] INFO | FILE | SEND_FILE_STARTED | Temporal.txt | SERVER | ID:33593084
[2025-07-27 19:47:09] INFO | FILE | SEND_FILE_COMPLETED | Temporal.txt enviado exitosamente | SERVER | ID:72673990
[2025-07-27 19:47:09] INFO | MENU | MENU_SENT | Menú enviado: Menu Principal | SERVER | ID:86075151
[2025-07-27 19:50:55] INFO | CLIENT | OPTION_RECEIVED | Opción recibida: 1 | SERVER | ID:26668002
[2025-07-27 19:50:55] DEBUG | CLIENT | MENU_OPTION_PROCESSING | Procesando opción: 1 | /192.168.0.4:42432 | ID:28552739
[2025-07-27 19:50:55] INFO | CLIENT | LIST_FILES_REQUEST | Cliente solicitó listar archivos | /192.168.0.4:42432 | ID:37276588
[2025-07-27 19:50:55] INFO | MENU | MENU_SENT | Menú enviado: Archivos Disponibles | SERVER | ID:71477107
[2025-07-27 19:50:55] INFO | FILE | LIST_SENT | 4 archivos enviados | SERVER | ID:19155909
[2025-07-27 19:50:55] INFO | MENU | MENU_SENT | Menú enviado: Menu Principal | SERVER | ID:26280021
[2025-07-27 19:51:17] INFO | CLIENT | OPTION_RECEIVED | Opción recibida: 1 | SERVER | ID:39913006
[2025-07-27 19:51:17] DEBUG | CLIENT | MENU_OPTION_PROCESSING | Procesando opción: 1 | /192.168.0.4:42432 | ID:48985120
[2025-07-27 19:51:17] INFO | CLIENT | LIST_FILES_REQUEST | Cliente solicitó listar archivos | /192.168.0.4:42432 | ID:10282705
[2025-07-27 19:51:17] INFO | MENU | MENU_SENT | Menú enviado: Archivos Disponibles | SERVER | ID:74956316
[2025-07-27 19:51:17] INFO | FILE | LIST_SENT | 9 archivos enviados | SERVER | ID:12164691
[2025-07-27 19:51:17] INFO | MENU | MENU_SENT | Menú enviado: Menu Principal | SERVER | ID:15478479
[2025-07-27 19:51:23] INFO | CLIENT | OPTION_RECEIVED | Opción recibida: 1 | SERVER | ID:89334473
[2025-07-27 19:51:23] DEBUG | CLIENT | MENU_OPTION_PROCESSING | Procesando opción: 1 | /192.168.0.4:42432 | ID:29312840
[2025-07-27 19:51:23] INFO | CLIENT | LIST_FILES_REQUEST | Cliente solicitó listar archivos | /192.168.0.4:42432 | ID:80138136
[2025-07-27 19:51:23] INFO | MENU | MENU_SENT | Menú enviado: Archivos Disponibles | SERVER | ID:52404393
[2025-07-27 19:51:23] INFO | FILE | LIST_SENT | 9 archivos enviados | SERVER | ID:23673392
[2025-07-27 19:51:23] INFO | MENU | MENU_SENT | Menú enviado: Menu Principal | SERVER | ID:92705614
[2025-07-27 19:51:28] INFO | CLIENT | OPTION_RECEIVED | Opción recibida: 1 | SERVER | ID:77552794
[2025-07-27 19:51:28] DEBUG | CLIENT | MENU_OPTION_PROCESSING | Procesando opción: 1 | /192.168.0.4:42432 | ID:46256039
[2025-07-27 19:51:28] INFO | CLIENT | LIST_FILES_REQUEST | Cliente solicitó listar archivos | /192.168.0.4:42432 | ID:28645995
[2025-07-27 19:51:28] INFO | MENU | MENU_SENT | Menú enviado: Archivos Disponibles | SERVER | ID:37205858
[2025-07-27 19:51:28] INFO | FILE | LIST_SENT | 9 archivos enviados | SERVER | ID:72518342
[2025-07-27 19:51:28] INFO | MENU | MENU_SENT | Menú enviado: Menu Principal | SERVER | ID:90969062
[2025-07-27 19:51:31] INFO | CLIENT | OPTION_RECEIVED | Opción recibida: 2 | SERVER | ID:07697442
[2025-07-27 19:51:31] DEBUG | CLIENT | MENU_OPTION_PROCESSING | Procesando opción: 2 | /192.168.0.4:42432 | ID:85962506
[2025-07-27 19:51:31] INFO | CLIENT | DOWNLOAD_REQUEST | Cliente solicitó descargar archivo | /192.168.0.4:42432 | ID:73738727
[2025-07-27 19:51:31] INFO | MENU | MENU_SENT | Menú enviado: Archivos Disponibles para Descargar | SERVER | ID:51394953
[2025-07-27 19:51:40] INFO | CLIENT | OPTION_RECEIVED | Opción recibida: 3 | SERVER | ID:58549284
[2025-07-27 19:51:40] INFO | FILE | FILE_SELECTED | Instalar controlador Broadcom BCM43142.txt desde FILES | SERVER | ID:87498255
[2025-07-27 19:51:40] INFO | FILE | SEND_FILE_STARTED | Instalar controlador Broadcom BCM43142.txt | SERVER | ID:23879511
[2025-07-27 19:51:40] INFO | FILE | SEND_FILE_COMPLETED | Instalar controlador Broadcom BCM43142.txt enviado exitosamente | SERVER | ID:74649675
[2025-07-27 19:51:40] INFO | MENU | MENU_SENT | Menú enviado: Menu Principal | SERVER | ID:41846478
[2025-07-27 19:51:48] INFO | CLIENT | OPTION_RECEIVED | Opción recibida: 2 | SERVER | ID:85276283
[2025-07-27 19:51:48] DEBUG | CLIENT | MENU_OPTION_PROCESSING | Procesando opción: 2 | /192.168.0.4:42432 | ID:08271243
[2025-07-27 19:51:48] INFO | CLIENT | DOWNLOAD_REQUEST | Cliente solicitó descargar archivo | /192.168.0.4:42432 | ID:82791662
[2025-07-27 19:51:48] INFO | MENU | MENU_SENT | Menú enviado: Archivos Disponibles para Descargar | SERVER | ID:02100658
[2025-07-27 19:51:55] INFO | CLIENT | OPTION_RECEIVED | Opción recibida: 9 | SERVER | ID:22595814
[2025-07-27 19:51:55] INFO | FILE | FILE_SELECTED | WSL_Export_Import_Guide.txt desde FILES | SERVER | ID:46308701
[2025-07-27 19:51:55] INFO | FILE | SEND_FILE_STARTED | WSL_Export_Import_Guide.txt | SERVER | ID:28569960
[2025-07-27 19:51:55] INFO | FILE | SEND_FILE_COMPLETED | WSL_Export_Import_Guide.txt enviado exitosamente | SERVER | ID:86384684
[2025-07-27 19:51:55] INFO | MENU | MENU_SENT | Menú enviado: Menu Principal | SERVER | ID:79841355
[2025-07-27 19:52:23] INFO | CLIENT | OPTION_RECEIVED | Opción recibida: 4 | SERVER | ID:78044981
[2025-07-27 19:52:23] DEBUG | CLIENT | MENU_OPTION_PROCESSING | Procesando opción: 4 | /192.168.0.4:42432 | ID:42895471
[2025-07-27 19:52:23] INFO | CLIENT | EXIT_REQUEST | Cliente solicitó salir | /192.168.0.4:42432 | ID:29702409
[2025-07-27 19:52:23] INFO | CLIENT | SESSION_ENDING | Finalizando sesión para: /192.168.0.4:42432 | /192.168.0.4 | ID:12517668
[2025-07-27 19:52:23] DEBUG | CLIENT | CLEANUP_STARTED | Iniciando limpieza de recursos | /192.168.0.4:42432 | ID:28292107
[2025-07-27 19:52:23] INFO | CLIENT | DISCONNECTED | Cliente desconectado exitosamente | /192.168.0.4 | ID:36360755
[2025-07-27 19:53:44] INFO | SERVER | SHUTDOWN | ServerSocket cerrado exitosamente | SERVER | ID:42306710
[2025-07-27 19:53:44] DEBUG | CONSOLE | THREAD_ENDED | Hilo de monitoreo terminado | SERVER | ID:78404167
